#! /usr/local/Cellar/icarus-verilog/10.3/bin/vvp
:ivl_version "10.3 (stable)" "(v10_3)";
:ivl_delay_selection "TYPICAL";
:vpi_time_precision + 0;
:vpi_module "system";
:vpi_module "vhdl_sys";
:vpi_module "v2005_math";
:vpi_module "va_math";
S_0x7f844e704220 .scope module, "FSMBehavioral_tb" "FSMBehavioral_tb" 2 1;
 .timescale 0 0;
v0x7f844e7150d0_0 .var "clk", 0 0;
v0x7f844e715180_0 .var "nreset", 0 0;
v0x7f844e715210_0 .var "x1", 0 0;
v0x7f844e7152a0_0 .var "x2", 0 0;
v0x7f844e715350_0 .var "x3", 0 0;
v0x7f844e715420_0 .net "y", 2 0, v0x7f844e714ec0_0;  1 drivers
v0x7f844e7154d0_0 .net "z", 2 0, v0x7f844e714f70_0;  1 drivers
S_0x7f844e704390 .scope module, "fsm" "FSMBehavioral" 2 6, 3 1 0, S_0x7f844e704220;
 .timescale 0 0;
    .port_info 0 /INPUT 1 "nreset"
    .port_info 1 /INPUT 1 "clk"
    .port_info 2 /INPUT 1 "x1"
    .port_info 3 /INPUT 1 "x2"
    .port_info 4 /INPUT 1 "x3"
    .port_info 5 /OUTPUT 3 "y"
    .port_info 6 /OUTPUT 3 "z"
P_0x7f844e704540 .param/l "a" 0 3 6, C4<000>;
P_0x7f844e704580 .param/l "b" 0 3 6, C4<001>;
P_0x7f844e7045c0 .param/l "c" 0 3 6, C4<101>;
P_0x7f844e704600 .param/l "d" 0 3 6, C4<010>;
P_0x7f844e704640 .param/l "e" 0 3 6, C4<100>;
P_0x7f844e704680 .param/l "f" 0 3 6, C4<110>;
P_0x7f844e7046c0 .param/l "g" 0 3 6, C4<111>;
v0x7f844e704a90_0 .net "clk", 0 0, v0x7f844e7150d0_0;  1 drivers
v0x7f844e714b40_0 .var "next_state", 2 0;
v0x7f844e714bf0_0 .net "nreset", 0 0, v0x7f844e715180_0;  1 drivers
v0x7f844e714ca0_0 .net "x1", 0 0, v0x7f844e715210_0;  1 drivers
v0x7f844e714d40_0 .net "x2", 0 0, v0x7f844e7152a0_0;  1 drivers
v0x7f844e714e20_0 .net "x3", 0 0, v0x7f844e715350_0;  1 drivers
v0x7f844e714ec0_0 .var "y", 2 0;
v0x7f844e714f70_0 .var "z", 2 0;
E_0x7f844e704a00 .event edge, v0x7f844e714e20_0, v0x7f844e714d40_0, v0x7f844e714ca0_0, v0x7f844e714ec0_0;
E_0x7f844e704a50 .event posedge, v0x7f844e704a90_0;
    .scope S_0x7f844e704390;
T_0 ;
    %wait E_0x7f844e704a50;
    %load/vec4 v0x7f844e714bf0_0;
    %inv;
    %flag_set/vec4 8;
    %jmp/0xz  T_0.0, 8;
    %pushi/vec4 0, 0, 3;
    %store/vec4 v0x7f844e714ec0_0, 0, 3;
    %jmp T_0.1;
T_0.0 ;
    %load/vec4 v0x7f844e714b40_0;
    %store/vec4 v0x7f844e714ec0_0, 0, 3;
T_0.1 ;
    %load/vec4 v0x7f844e714ec0_0;
    %dup/vec4;
    %pushi/vec4 2, 0, 3;
    %cmp/u;
    %jmp/1 T_0.2, 6;
    %dup/vec4;
    %pushi/vec4 4, 0, 3;
    %cmp/u;
    %jmp/1 T_0.3, 6;
    %dup/vec4;
    %pushi/vec4 7, 0, 3;
    %cmp/u;
    %jmp/1 T_0.4, 6;
    %pushi/vec4 0, 0, 3;
    %store/vec4 v0x7f844e714f70_0, 0, 3;
    %jmp T_0.6;
T_0.2 ;
    %pushi/vec4 4, 0, 3;
    %store/vec4 v0x7f844e714f70_0, 0, 3;
    %jmp T_0.6;
T_0.3 ;
    %pushi/vec4 2, 0, 3;
    %store/vec4 v0x7f844e714f70_0, 0, 3;
    %jmp T_0.6;
T_0.4 ;
    %pushi/vec4 1, 0, 3;
    %store/vec4 v0x7f844e714f70_0, 0, 3;
    %jmp T_0.6;
T_0.6 ;
    %pop/vec4 1;
    %jmp T_0;
    .thread T_0;
    .scope S_0x7f844e704390;
T_1 ;
    %wait E_0x7f844e704a00;
    %load/vec4 v0x7f844e714ec0_0;
    %dup/vec4;
    %pushi/vec4 0, 0, 3;
    %cmp/u;
    %jmp/1 T_1.0, 6;
    %dup/vec4;
    %pushi/vec4 1, 0, 3;
    %cmp/u;
    %jmp/1 T_1.1, 6;
    %dup/vec4;
    %pushi/vec4 5, 0, 3;
    %cmp/u;
    %jmp/1 T_1.2, 6;
    %pushi/vec4 0, 0, 3;
    %store/vec4 v0x7f844e714b40_0, 0, 3;
    %jmp T_1.4;
T_1.0 ;
    %load/vec4 v0x7f844e714ca0_0;
    %pad/u 32;
    %cmpi/e 1, 0, 32;
    %jmp/0xz  T_1.5, 4;
    %pushi/vec4 1, 0, 3;
    %store/vec4 v0x7f844e714b40_0, 0, 3;
    %jmp T_1.6;
T_1.5 ;
    %pushi/vec4 5, 0, 3;
    %store/vec4 v0x7f844e714b40_0, 0, 3;
T_1.6 ;
    %jmp T_1.4;
T_1.1 ;
    %load/vec4 v0x7f844e714d40_0;
    %pad/u 32;
    %cmpi/e 1, 0, 32;
    %jmp/0xz  T_1.7, 4;
    %pushi/vec4 2, 0, 3;
    %store/vec4 v0x7f844e714b40_0, 0, 3;
    %jmp T_1.8;
T_1.7 ;
    %pushi/vec4 0, 0, 3;
    %store/vec4 v0x7f844e714b40_0, 0, 3;
T_1.8 ;
    %jmp T_1.4;
T_1.2 ;
    %load/vec4 v0x7f844e714d40_0;
    %pad/u 32;
    %pushi/vec4 1, 0, 32;
    %cmp/e;
    %flag_get/vec4 4;
    %load/vec4 v0x7f844e714e20_0;
    %pad/u 32;
    %pushi/vec4 1, 0, 32;
    %cmp/e;
    %flag_get/vec4 4;
    %and;
    %flag_set/vec4 8;
    %jmp/0xz  T_1.9, 8;
    %pushi/vec4 4, 0, 3;
    %store/vec4 v0x7f844e714b40_0, 0, 3;
    %jmp T_1.10;
T_1.9 ;
    %load/vec4 v0x7f844e714d40_0;
    %pad/u 32;
    %pushi/vec4 1, 0, 32;
    %cmp/e;
    %flag_get/vec4 4;
    %load/vec4 v0x7f844e714e20_0;
    %pad/u 32;
    %pushi/vec4 0, 0, 32;
    %cmp/e;
    %flag_get/vec4 4;
    %and;
    %flag_set/vec4 8;
    %jmp/0xz  T_1.11, 8;
    %pushi/vec4 0, 0, 3;
    %store/vec4 v0x7f844e714b40_0, 0, 3;
    %jmp T_1.12;
T_1.11 ;
    %load/vec4 v0x7f844e714d40_0;
    %pad/u 32;
    %pushi/vec4 0, 0, 32;
    %cmp/e;
    %flag_get/vec4 4;
    %load/vec4 v0x7f844e714e20_0;
    %pad/u 32;
    %pushi/vec4 1, 0, 32;
    %cmp/e;
    %flag_get/vec4 4;
    %and;
    %flag_set/vec4 8;
    %jmp/0xz  T_1.13, 8;
    %pushi/vec4 6, 0, 3;
    %store/vec4 v0x7f844e714b40_0, 0, 3;
    %jmp T_1.14;
T_1.13 ;
    %load/vec4 v0x7f844e714d40_0;
    %pad/u 32;
    %pushi/vec4 0, 0, 32;
    %cmp/e;
    %flag_get/vec4 4;
    %load/vec4 v0x7f844e714e20_0;
    %pad/u 32;
    %pushi/vec4 0, 0, 32;
    %cmp/e;
    %flag_get/vec4 4;
    %and;
    %flag_set/vec4 8;
    %jmp/0xz  T_1.15, 8;
    %pushi/vec4 7, 0, 3;
    %store/vec4 v0x7f844e714b40_0, 0, 3;
T_1.15 ;
T_1.14 ;
T_1.12 ;
T_1.10 ;
    %jmp T_1.4;
T_1.4 ;
    %pop/vec4 1;
    %jmp T_1;
    .thread T_1, $push;
    .scope S_0x7f844e704220;
T_2 ;
    %pushi/vec4 1, 0, 1;
    %store/vec4 v0x7f844e7150d0_0, 0, 1;
    %pushi/vec4 0, 0, 1;
    %store/vec4 v0x7f844e715180_0, 0, 1;
    %pushi/vec4 4, 0, 3;
    %split/vec4 1;
    %store/vec4 v0x7f844e715350_0, 0, 1;
    %split/vec4 1;
    %store/vec4 v0x7f844e7152a0_0, 0, 1;
    %store/vec4 v0x7f844e715210_0, 0, 1;
    %delay 1, 0;
    %pushi/vec4 1, 0, 1;
    %store/vec4 v0x7f844e715180_0, 0, 1;
    %wait E_0x7f844e704a50;
    %pushi/vec4 2, 0, 3;
    %split/vec4 1;
    %store/vec4 v0x7f844e715350_0, 0, 1;
    %split/vec4 1;
    %store/vec4 v0x7f844e7152a0_0, 0, 1;
    %store/vec4 v0x7f844e715210_0, 0, 1;
    %wait E_0x7f844e704a50;
    %pushi/vec4 0, 0, 3;
    %split/vec4 1;
    %store/vec4 v0x7f844e715350_0, 0, 1;
    %split/vec4 1;
    %store/vec4 v0x7f844e7152a0_0, 0, 1;
    %store/vec4 v0x7f844e715210_0, 0, 1;
    %wait E_0x7f844e704a50;
    %pushi/vec4 0, 0, 3;
    %split/vec4 1;
    %store/vec4 v0x7f844e715350_0, 0, 1;
    %split/vec4 1;
    %store/vec4 v0x7f844e7152a0_0, 0, 1;
    %store/vec4 v0x7f844e715210_0, 0, 1;
    %wait E_0x7f844e704a50;
    %pushi/vec4 3, 0, 3;
    %split/vec4 1;
    %store/vec4 v0x7f844e715350_0, 0, 1;
    %split/vec4 1;
    %store/vec4 v0x7f844e7152a0_0, 0, 1;
    %store/vec4 v0x7f844e715210_0, 0, 1;
    %wait E_0x7f844e704a50;
    %pushi/vec4 3, 0, 3;
    %split/vec4 1;
    %store/vec4 v0x7f844e715350_0, 0, 1;
    %split/vec4 1;
    %store/vec4 v0x7f844e7152a0_0, 0, 1;
    %store/vec4 v0x7f844e715210_0, 0, 1;
    %wait E_0x7f844e704a50;
    %pushi/vec4 1, 0, 3;
    %split/vec4 1;
    %store/vec4 v0x7f844e715350_0, 0, 1;
    %split/vec4 1;
    %store/vec4 v0x7f844e7152a0_0, 0, 1;
    %store/vec4 v0x7f844e715210_0, 0, 1;
    %wait E_0x7f844e704a50;
    %pushi/vec4 0, 0, 3;
    %split/vec4 1;
    %store/vec4 v0x7f844e715350_0, 0, 1;
    %split/vec4 1;
    %store/vec4 v0x7f844e7152a0_0, 0, 1;
    %store/vec4 v0x7f844e715210_0, 0, 1;
    %wait E_0x7f844e704a50;
    %pushi/vec4 0, 0, 3;
    %split/vec4 1;
    %store/vec4 v0x7f844e715350_0, 0, 1;
    %split/vec4 1;
    %store/vec4 v0x7f844e7152a0_0, 0, 1;
    %store/vec4 v0x7f844e715210_0, 0, 1;
    %wait E_0x7f844e704a50;
    %pushi/vec4 0, 0, 3;
    %split/vec4 1;
    %store/vec4 v0x7f844e715350_0, 0, 1;
    %split/vec4 1;
    %store/vec4 v0x7f844e7152a0_0, 0, 1;
    %store/vec4 v0x7f844e715210_0, 0, 1;
    %delay 14, 0;
    %vpi_call 2 23 "$finish" {0 0 0};
    %end;
    .thread T_2;
    .scope S_0x7f844e704220;
T_3 ;
    %vpi_call 2 27 "$monitor", "%d ns:\011clk=%b\011nreset=%b\011x=%b%b%b\011 y=%b\011 z=%b", $time, v0x7f844e7150d0_0, v0x7f844e715180_0, v0x7f844e715210_0, v0x7f844e7152a0_0, v0x7f844e715350_0, v0x7f844e715420_0, v0x7f844e7154d0_0 {0 0 0};
    %end;
    .thread T_3;
    .scope S_0x7f844e704220;
T_4 ;
    %delay 1, 0;
    %load/vec4 v0x7f844e7150d0_0;
    %nor/r;
    %store/vec4 v0x7f844e7150d0_0, 0, 1;
    %jmp T_4;
    .thread T_4;
    .scope S_0x7f844e704220;
T_5 ;
    %vpi_call 2 33 "$dumpfile", "FSMBehavioral.vcd" {0 0 0};
    %vpi_call 2 34 "$dumpvars" {0 0 0};
    %end;
    .thread T_5;
# The file index is used to find the file name in the following table.
:file_names 4;
    "N/A";
    "<interactive>";
    "FSMBehavioral_tb.v";
    "FSMBehavioral.v";
