#! /usr/local/Cellar/icarus-verilog/10.3/bin/vvp
:ivl_version "10.3 (stable)" "(v10_3)";
:ivl_delay_selection "TYPICAL";
:vpi_time_precision - 9;
:vpi_module "system";
:vpi_module "vhdl_sys";
:vpi_module "v2005_math";
:vpi_module "va_math";
S_0x7feaa7e044e0 .scope module, "gates7_dataflow_tb" "gates7_dataflow_tb" 2 2;
 .timescale -9 -9;
v0x7feaa7e150e0_0 .var "a", 0 0;
v0x7feaa7e15170_0 .var "b", 0 0;
v0x7feaa7e15200_0 .net "f_and", 0 0, L_0x7feaa7e15730;  1 drivers
v0x7feaa7e152b0_0 .net "f_nand", 0 0, L_0x7feaa7e15b30;  1 drivers
v0x7feaa7e15360_0 .net "f_nor", 0 0, L_0x7feaa7e15ba0;  1 drivers
v0x7feaa7e15430_0 .net "f_not", 0 0, L_0x7feaa7e15910;  1 drivers
v0x7feaa7e154c0_0 .net "f_or", 0 0, L_0x7feaa7e15860;  1 drivers
v0x7feaa7e15570_0 .net "f_xnor", 0 0, L_0x7feaa7e15e70;  1 drivers
v0x7feaa7e15620_0 .net "f_xor", 0 0, L_0x7feaa7e15c50;  1 drivers
S_0x7feaa7e04640 .scope module, "g7" "gates7_dataflow" 2 5, 3 1 0, S_0x7feaa7e044e0;
 .timescale -9 -9;
    .port_info 0 /INPUT 1 "a"
    .port_info 1 /INPUT 1 "b"
    .port_info 2 /OUTPUT 1 "f_and"
    .port_info 3 /OUTPUT 1 "f_or"
    .port_info 4 /OUTPUT 1 "f_not"
    .port_info 5 /OUTPUT 1 "f_nand"
    .port_info 6 /OUTPUT 1 "f_nor"
    .port_info 7 /OUTPUT 1 "f_xor"
    .port_info 8 /OUTPUT 1 "f_xnor"
L_0x7feaa7e15730 .functor AND 1, v0x7feaa7e150e0_0, v0x7feaa7e15170_0, C4<1>, C4<1>;
L_0x7feaa7e15860 .functor OR 1, v0x7feaa7e150e0_0, v0x7feaa7e15170_0, C4<0>, C4<0>;
L_0x7feaa7e15910 .functor NOT 1, v0x7feaa7e150e0_0, C4<0>, C4<0>, C4<0>;
L_0x7feaa7e15a40 .functor AND 1, v0x7feaa7e150e0_0, v0x7feaa7e15170_0, C4<1>, C4<1>;
L_0x7feaa7e15b30 .functor NOT 1, L_0x7feaa7e15a40, C4<0>, C4<0>, C4<0>;
L_0x7feaa7e15ba0 .functor AND 1, v0x7feaa7e150e0_0, v0x7feaa7e15170_0, C4<1>, C4<1>;
L_0x7feaa7e15c50 .functor XOR 1, v0x7feaa7e150e0_0, v0x7feaa7e15170_0, C4<0>, C4<0>;
L_0x7feaa7e15d00 .functor XOR 1, v0x7feaa7e150e0_0, v0x7feaa7e15170_0, C4<0>, C4<0>;
L_0x7feaa7e15e70 .functor NOT 1, L_0x7feaa7e15d00, C4<0>, C4<0>, C4<0>;
v0x7feaa7e048d0_0 .net *"_s14", 0 0, L_0x7feaa7e15d00;  1 drivers
v0x7feaa7e14920_0 .net *"_s6", 0 0, L_0x7feaa7e15a40;  1 drivers
v0x7feaa7e149c0_0 .net "a", 0 0, v0x7feaa7e150e0_0;  1 drivers
v0x7feaa7e14a70_0 .net "b", 0 0, v0x7feaa7e15170_0;  1 drivers
v0x7feaa7e14b00_0 .net "f_and", 0 0, L_0x7feaa7e15730;  alias, 1 drivers
v0x7feaa7e14be0_0 .net "f_nand", 0 0, L_0x7feaa7e15b30;  alias, 1 drivers
v0x7feaa7e14c80_0 .net "f_nor", 0 0, L_0x7feaa7e15ba0;  alias, 1 drivers
v0x7feaa7e14d20_0 .net "f_not", 0 0, L_0x7feaa7e15910;  alias, 1 drivers
v0x7feaa7e14dc0_0 .net "f_or", 0 0, L_0x7feaa7e15860;  alias, 1 drivers
v0x7feaa7e14ed0_0 .net "f_xnor", 0 0, L_0x7feaa7e15e70;  alias, 1 drivers
v0x7feaa7e14f60_0 .net "f_xor", 0 0, L_0x7feaa7e15c50;  alias, 1 drivers
    .scope S_0x7feaa7e044e0;
T_0 ;
    %vpi_call 2 7 "$display", "time\011a\011b\011and\011or\011not\011nand\011nor\011xor\011xnor" {0 0 0};
    %pushi/vec4 0, 0, 1;
    %store/vec4 v0x7feaa7e150e0_0, 0, 1;
    %pushi/vec4 0, 0, 1;
    %store/vec4 v0x7feaa7e15170_0, 0, 1;
    %delay 5, 0;
    %vpi_call 2 10 "$finish" {0 0 0};
    %end;
    .thread T_0;
    .scope S_0x7feaa7e044e0;
T_1 ;
    %vpi_call 2 13 "$monitor", "%2d:\011%b\011%b\011%b\011%b\011%b\011%b\011%b\011%b\011%b", $time, v0x7feaa7e150e0_0, v0x7feaa7e15170_0, v0x7feaa7e15200_0, v0x7feaa7e154c0_0, v0x7feaa7e15430_0, v0x7feaa7e152b0_0, v0x7feaa7e15360_0, v0x7feaa7e15620_0, v0x7feaa7e15570_0 {0 0 0};
    %end;
    .thread T_1;
    .scope S_0x7feaa7e044e0;
T_2 ;
    %delay 1, 0;
    %load/vec4 v0x7feaa7e150e0_0;
    %nor/r;
    %store/vec4 v0x7feaa7e150e0_0, 0, 1;
    %jmp T_2;
    .thread T_2;
    .scope S_0x7feaa7e044e0;
T_3 ;
    %delay 2, 0;
    %load/vec4 v0x7feaa7e15170_0;
    %nor/r;
    %store/vec4 v0x7feaa7e15170_0, 0, 1;
    %jmp T_3;
    .thread T_3;
    .scope S_0x7feaa7e044e0;
T_4 ;
    %vpi_call 2 19 "$dumpfile", "gates7_dataflow.vcd" {0 0 0};
    %vpi_call 2 20 "$dumpvars" {0 0 0};
    %end;
    .thread T_4;
# The file index is used to find the file name in the following table.
:file_names 4;
    "N/A";
    "<interactive>";
    "gates7_dataflow_tb.v";
    "gates7_dataflow.v";
