#! /usr/local/Cellar/icarus-verilog/10.3/bin/vvp
:ivl_version "10.3 (stable)" "(v10_3)";
:ivl_delay_selection "TYPICAL";
:vpi_time_precision - 9;
:vpi_module "system";
:vpi_module "vhdl_sys";
:vpi_module "v2005_math";
:vpi_module "va_math";
S_0x7fbd414063e0 .scope module, "mux2_1_tb" "mux2_1_tb" 2 2;
 .timescale -9 -9;
v0x7fbd4141bef0_0 .var "input1", 15 0;
v0x7fbd4141bfa0_0 .var "input2", 15 0;
v0x7fbd4141c050_0 .net "output1", 15 0, L_0x7fbd4141c1d0;  1 drivers
v0x7fbd4141c120_0 .var "selector", 0 0;
S_0x7fbd4140bed0 .scope module, "mux" "mux2_1" 2 6, 3 1 0, S_0x7fbd414063e0;
 .timescale 0 0;
    .port_info 0 /INPUT 16 "input1"
    .port_info 1 /INPUT 16 "input2"
    .port_info 2 /INPUT 1 "selector"
    .port_info 3 /OUTPUT 16 "output1"
v0x7fbd4140a730_0 .net "input1", 15 0, v0x7fbd4141bef0_0;  1 drivers
v0x7fbd4141bc80_0 .net "input2", 15 0, v0x7fbd4141bfa0_0;  1 drivers
v0x7fbd4141bd30_0 .net "output1", 15 0, L_0x7fbd4141c1d0;  alias, 1 drivers
v0x7fbd4141bdf0_0 .net "selector", 0 0, v0x7fbd4141c120_0;  1 drivers
L_0x7fbd4141c1d0 .functor MUXZ 16, v0x7fbd4141bef0_0, v0x7fbd4141bfa0_0, v0x7fbd4141c120_0, C4<>;
    .scope S_0x7fbd414063e0;
T_0 ;
    %pushi/vec4 0, 0, 1;
    %store/vec4 v0x7fbd4141c120_0, 0, 1;
    %vpi_func 2 9 "$random" 32 {0 0 0};
    %pad/s 16;
    %store/vec4 v0x7fbd4141bef0_0, 0, 16;
    %vpi_func 2 10 "$random" 32 {0 0 0};
    %pad/s 16;
    %store/vec4 v0x7fbd4141bfa0_0, 0, 16;
    %vpi_call 2 11 "$monitor", "%d ns:\011selector=%b\011 input1=%h  input2=%h \011 output1=%h", $time, v0x7fbd4141c120_0, v0x7fbd4141bef0_0, v0x7fbd4141bfa0_0, v0x7fbd4141c050_0 {0 0 0};
    %delay 3, 0;
    %vpi_call 2 12 "$finish" {0 0 0};
    %end;
    .thread T_0;
    .scope S_0x7fbd414063e0;
T_1 ;
    %delay 1, 0;
    %load/vec4 v0x7fbd4141c120_0;
    %nor/r;
    %store/vec4 v0x7fbd4141c120_0, 0, 1;
    %jmp T_1;
    .thread T_1;
    .scope S_0x7fbd414063e0;
T_2 ;
    %vpi_call 2 16 "$dumpfile", "mux2_1.vcd" {0 0 0};
    %vpi_call 2 17 "$dumpvars" {0 0 0};
    %end;
    .thread T_2;
# The file index is used to find the file name in the following table.
:file_names 4;
    "N/A";
    "<interactive>";
    "mux_2_1_tb.v";
    "mux_2_1.v";
