#! /usr/local/Cellar/icarus-verilog/10.3/bin/vvp
:ivl_version "10.3 (stable)" "(v10_3)";
:ivl_delay_selection "TYPICAL";
:vpi_time_precision - 9;
:vpi_module "system";
:vpi_module "vhdl_sys";
:vpi_module "v2005_math";
:vpi_module "va_math";
S_0x7fba91d5c370 .scope module, "demux1_16_tb" "demux1_16_tb" 2 2;
 .timescale -9 -9;
v0x7fba91d10780_0 .var "input1", 15 0;
v0x7fba91d743f0_0 .net "output1", 15 0, L_0x7fba91d7b740;  1 drivers
v0x7fba91d744b0_0 .net "output10", 15 0, L_0x7fba91d7c830;  1 drivers
v0x7fba91d74580_0 .net "output11", 15 0, L_0x7fba91d7ca50;  1 drivers
v0x7fba91d74630_0 .net "output12", 15 0, L_0x7fba91d7cc60;  1 drivers
v0x7fba91d74700_0 .net "output13", 15 0, L_0x7fba91d7ce80;  1 drivers
v0x7fba91d747b0_0 .net "output14", 15 0, L_0x7fba91d7bf10;  1 drivers
v0x7fba91d74860_0 .net "output15", 15 0, L_0x7fba91d7d3d0;  1 drivers
v0x7fba91d74910_0 .net "output16", 15 0, L_0x7fba91d7d5e0;  1 drivers
v0x7fba91d74a40_0 .net "output2", 15 0, L_0x7fba91d7b900;  1 drivers
v0x7fba91d74ad0_0 .net "output3", 15 0, L_0x7fba91d7bb40;  1 drivers
v0x7fba91d74b60_0 .net "output4", 15 0, L_0x7fba91d7bd50;  1 drivers
v0x7fba91d74c10_0 .net "output5", 15 0, L_0x7fba91d7c070;  1 drivers
v0x7fba91d74cc0_0 .net "output6", 15 0, L_0x7fba91d7c220;  1 drivers
v0x7fba91d74d70_0 .net "output7", 15 0, L_0x7fba91d7c460;  1 drivers
v0x7fba91d74e20_0 .net "output8", 15 0, L_0x7fba91d7c6b0;  1 drivers
v0x7fba91d74ed0_0 .net "output9", 15 0, L_0x7fba91d7c8d0;  1 drivers
v0x7fba91d75080_0 .var "selector", 3 0;
S_0x7fba91d5b810 .scope module, "mux" "demux1_16" 2 6, 3 2 0, S_0x7fba91d5c370;
 .timescale 0 0;
    .port_info 0 /INPUT 16 "input1"
    .port_info 1 /INPUT 4 "selector"
    .port_info 2 /OUTPUT 16 "output1"
    .port_info 3 /OUTPUT 16 "output2"
    .port_info 4 /OUTPUT 16 "output3"
    .port_info 5 /OUTPUT 16 "output4"
    .port_info 6 /OUTPUT 16 "output5"
    .port_info 7 /OUTPUT 16 "output6"
    .port_info 8 /OUTPUT 16 "output7"
    .port_info 9 /OUTPUT 16 "output8"
    .port_info 10 /OUTPUT 16 "output9"
    .port_info 11 /OUTPUT 16 "output10"
    .port_info 12 /OUTPUT 16 "output11"
    .port_info 13 /OUTPUT 16 "output12"
    .port_info 14 /OUTPUT 16 "output13"
    .port_info 15 /OUTPUT 16 "output14"
    .port_info 16 /OUTPUT 16 "output15"
    .port_info 17 /OUTPUT 16 "output16"
v0x7fba91d71520_0 .net *"_s11", 0 0, L_0x7fba91d7b860;  1 drivers
L_0x106d7ddd0 .functor BUFT 1, C4<0000000000000000>, C4<0>, C4<0>, C4<0>;
v0x7fba91d715e0_0 .net/2u *"_s12", 15 0, L_0x106d7ddd0;  1 drivers
v0x7fba91d71680_0 .net *"_s17", 0 0, L_0x7fba91d7ba60;  1 drivers
L_0x106d7de18 .functor BUFT 1, C4<0000000000000000>, C4<0>, C4<0>, C4<0>;
v0x7fba91d71710_0 .net/2u *"_s18", 15 0, L_0x106d7de18;  1 drivers
v0x7fba91d717b0_0 .net *"_s23", 0 0, L_0x7fba91d7bc60;  1 drivers
L_0x106d7de60 .functor BUFT 1, C4<0000000000000000>, C4<0>, C4<0>, C4<0>;
v0x7fba91d718a0_0 .net/2u *"_s24", 15 0, L_0x106d7de60;  1 drivers
v0x7fba91d71950_0 .net *"_s29", 0 0, L_0x7fba91d7be70;  1 drivers
L_0x106d7dea8 .functor BUFT 1, C4<0000000000000000>, C4<0>, C4<0>, C4<0>;
v0x7fba91d71a00_0 .net/2u *"_s30", 15 0, L_0x106d7dea8;  1 drivers
v0x7fba91d71ab0_0 .net *"_s35", 0 0, L_0x7fba91d7c110;  1 drivers
L_0x106d7def0 .functor BUFT 1, C4<0000000000000000>, C4<0>, C4<0>, C4<0>;
v0x7fba91d71bc0_0 .net/2u *"_s36", 15 0, L_0x106d7def0;  1 drivers
v0x7fba91d71c70_0 .net *"_s41", 0 0, L_0x7fba91d7c340;  1 drivers
L_0x106d7df38 .functor BUFT 1, C4<0000000000000000>, C4<0>, C4<0>, C4<0>;
v0x7fba91d71d20_0 .net/2u *"_s42", 15 0, L_0x106d7df38;  1 drivers
v0x7fba91d71dd0_0 .net *"_s47", 0 0, L_0x7fba91d7c580;  1 drivers
L_0x106d7df80 .functor BUFT 1, C4<0000000000000000>, C4<0>, C4<0>, C4<0>;
v0x7fba91d71e80_0 .net/2u *"_s48", 15 0, L_0x106d7df80;  1 drivers
v0x7fba91d71f30_0 .net *"_s5", 0 0, L_0x7fba91d7b620;  1 drivers
v0x7fba91d71fe0_0 .net *"_s53", 0 0, L_0x7fba91d7c790;  1 drivers
L_0x106d7dfc8 .functor BUFT 1, C4<0000000000000000>, C4<0>, C4<0>, C4<0>;
v0x7fba91d72090_0 .net/2u *"_s54", 15 0, L_0x106d7dfc8;  1 drivers
v0x7fba91d72220_0 .net *"_s59", 0 0, L_0x7fba91d7c9b0;  1 drivers
L_0x106d7dd88 .functor BUFT 1, C4<0000000000000000>, C4<0>, C4<0>, C4<0>;
v0x7fba91d722b0_0 .net/2u *"_s6", 15 0, L_0x106d7dd88;  1 drivers
L_0x106d7e010 .functor BUFT 1, C4<0000000000000000>, C4<0>, C4<0>, C4<0>;
v0x7fba91d72360_0 .net/2u *"_s60", 15 0, L_0x106d7e010;  1 drivers
v0x7fba91d72410_0 .net *"_s65", 0 0, L_0x7fba91d7cbc0;  1 drivers
L_0x106d7e058 .functor BUFT 1, C4<0000000000000000>, C4<0>, C4<0>, C4<0>;
v0x7fba91d724c0_0 .net/2u *"_s66", 15 0, L_0x106d7e058;  1 drivers
v0x7fba91d72570_0 .net *"_s71", 0 0, L_0x7fba91d7cde0;  1 drivers
L_0x106d7e0a0 .functor BUFT 1, C4<0000000000000000>, C4<0>, C4<0>, C4<0>;
v0x7fba91d72620_0 .net/2u *"_s72", 15 0, L_0x106d7e0a0;  1 drivers
v0x7fba91d726d0_0 .net *"_s77", 0 0, L_0x7fba91d7cfd0;  1 drivers
L_0x106d7e0e8 .functor BUFT 1, C4<0000000000000000>, C4<0>, C4<0>, C4<0>;
v0x7fba91d72780_0 .net/2u *"_s78", 15 0, L_0x106d7e0e8;  1 drivers
v0x7fba91d72830_0 .net *"_s83", 0 0, L_0x7fba91d7d330;  1 drivers
L_0x106d7e130 .functor BUFT 1, C4<0000000000000000>, C4<0>, C4<0>, C4<0>;
v0x7fba91d728e0_0 .net/2u *"_s84", 15 0, L_0x106d7e130;  1 drivers
v0x7fba91d72990_0 .net *"_s89", 0 0, L_0x7fba91d7d540;  1 drivers
L_0x106d7e178 .functor BUFT 1, C4<0000000000000000>, C4<0>, C4<0>, C4<0>;
v0x7fba91d72a40_0 .net/2u *"_s90", 15 0, L_0x106d7e178;  1 drivers
v0x7fba91d72af0_0 .net *"_s95", 0 0, L_0x7fba91d7d760;  1 drivers
L_0x106d7e1c0 .functor BUFT 1, C4<0000000000000000>, C4<0>, C4<0>, C4<0>;
v0x7fba91d72ba0_0 .net/2u *"_s96", 15 0, L_0x106d7e1c0;  1 drivers
v0x7fba91d72c50_0 .net "input1", 15 0, v0x7fba91d10780_0;  1 drivers
v0x7fba91d72130_0 .net "output1", 15 0, L_0x7fba91d7b740;  alias, 1 drivers
v0x7fba91d72ee0_0 .net "output10", 15 0, L_0x7fba91d7c830;  alias, 1 drivers
v0x7fba91d72f70_0 .net "output11", 15 0, L_0x7fba91d7ca50;  alias, 1 drivers
v0x7fba91d73000_0 .net "output12", 15 0, L_0x7fba91d7cc60;  alias, 1 drivers
v0x7fba91d730b0_0 .net "output13", 15 0, L_0x7fba91d7ce80;  alias, 1 drivers
v0x7fba91d73160_0 .net "output14", 15 0, L_0x7fba91d7bf10;  alias, 1 drivers
v0x7fba91d73210_0 .net "output15", 15 0, L_0x7fba91d7d3d0;  alias, 1 drivers
v0x7fba91d732c0_0 .net "output16", 15 0, L_0x7fba91d7d5e0;  alias, 1 drivers
v0x7fba91d73370_0 .net "output2", 15 0, L_0x7fba91d7b900;  alias, 1 drivers
v0x7fba91d73420_0 .net "output3", 15 0, L_0x7fba91d7bb40;  alias, 1 drivers
v0x7fba91d734d0_0 .net "output4", 15 0, L_0x7fba91d7bd50;  alias, 1 drivers
v0x7fba91d73580_0 .net "output5", 15 0, L_0x7fba91d7c070;  alias, 1 drivers
v0x7fba91d73630_0 .net "output6", 15 0, L_0x7fba91d7c220;  alias, 1 drivers
v0x7fba91d736e0_0 .net "output7", 15 0, L_0x7fba91d7c460;  alias, 1 drivers
v0x7fba91d73790_0 .net "output8", 15 0, L_0x7fba91d7c6b0;  alias, 1 drivers
v0x7fba91d73840_0 .net "output9", 15 0, L_0x7fba91d7c8d0;  alias, 1 drivers
v0x7fba91d738f0_0 .net "selector", 3 0, v0x7fba91d75080_0;  1 drivers
v0x7fba91d739a0_0 .net "submodule1_a", 15 0, L_0x7fba91d77320;  1 drivers
v0x7fba91d73a60_0 .net "submodule1_b", 15 0, L_0x7fba91d77520;  1 drivers
v0x7fba91d73af0_0 .net "submodule1_c", 15 0, L_0x7fba91d77720;  1 drivers
v0x7fba91d73b80_0 .net "submodule1_d", 15 0, L_0x7fba91d77930;  1 drivers
v0x7fba91d73c10_0 .net "submodule1_e", 15 0, L_0x7fba91d77b50;  1 drivers
v0x7fba91d73ca0_0 .net "submodule1_f", 15 0, L_0x7fba91d77e40;  1 drivers
v0x7fba91d73d50_0 .net "submodule1_g", 15 0, L_0x7fba91d78000;  1 drivers
v0x7fba91d73e00_0 .net "submodule1_h", 15 0, L_0x7fba91d78250;  1 drivers
v0x7fba91d73eb0_0 .net "submodule2_a", 15 0, L_0x7fba91d7a470;  1 drivers
v0x7fba91d73f60_0 .net "submodule2_b", 15 0, L_0x7fba91d7a6f0;  1 drivers
v0x7fba91d74010_0 .net "submodule2_c", 15 0, L_0x7fba91d7a8f0;  1 drivers
v0x7fba91d740c0_0 .net "submodule2_d", 15 0, L_0x7fba91d7ab40;  1 drivers
v0x7fba91d74170_0 .net "submodule2_e", 15 0, L_0x7fba91d7ad60;  1 drivers
v0x7fba91d74220_0 .net "submodule2_f", 15 0, L_0x7fba91d7b090;  1 drivers
v0x7fba91d742d0_0 .net "submodule2_g", 15 0, L_0x7fba91d7b250;  1 drivers
v0x7fba91d72d00_0 .net "submodule2_h", 15 0, L_0x7fba91d7b4a0;  1 drivers
L_0x7fba91d78330 .part v0x7fba91d75080_0, 0, 3;
L_0x7fba91d7b580 .part v0x7fba91d75080_0, 0, 3;
L_0x7fba91d7b620 .part v0x7fba91d75080_0, 3, 1;
L_0x7fba91d7b740 .functor MUXZ 16, L_0x7fba91d77320, L_0x106d7dd88, L_0x7fba91d7b620, C4<>;
L_0x7fba91d7b860 .part v0x7fba91d75080_0, 3, 1;
L_0x7fba91d7b900 .functor MUXZ 16, L_0x7fba91d77520, L_0x106d7ddd0, L_0x7fba91d7b860, C4<>;
L_0x7fba91d7ba60 .part v0x7fba91d75080_0, 3, 1;
L_0x7fba91d7bb40 .functor MUXZ 16, L_0x7fba91d77720, L_0x106d7de18, L_0x7fba91d7ba60, C4<>;
L_0x7fba91d7bc60 .part v0x7fba91d75080_0, 3, 1;
L_0x7fba91d7bd50 .functor MUXZ 16, L_0x7fba91d77930, L_0x106d7de60, L_0x7fba91d7bc60, C4<>;
L_0x7fba91d7be70 .part v0x7fba91d75080_0, 3, 1;
L_0x7fba91d7c070 .functor MUXZ 16, L_0x7fba91d77b50, L_0x106d7dea8, L_0x7fba91d7be70, C4<>;
L_0x7fba91d7c110 .part v0x7fba91d75080_0, 3, 1;
L_0x7fba91d7c220 .functor MUXZ 16, L_0x7fba91d77e40, L_0x106d7def0, L_0x7fba91d7c110, C4<>;
L_0x7fba91d7c340 .part v0x7fba91d75080_0, 3, 1;
L_0x7fba91d7c460 .functor MUXZ 16, L_0x7fba91d78000, L_0x106d7df38, L_0x7fba91d7c340, C4<>;
L_0x7fba91d7c580 .part v0x7fba91d75080_0, 3, 1;
L_0x7fba91d7c6b0 .functor MUXZ 16, L_0x7fba91d78250, L_0x106d7df80, L_0x7fba91d7c580, C4<>;
L_0x7fba91d7c790 .part v0x7fba91d75080_0, 3, 1;
L_0x7fba91d7c8d0 .functor MUXZ 16, L_0x106d7dfc8, L_0x7fba91d7a470, L_0x7fba91d7c790, C4<>;
L_0x7fba91d7c9b0 .part v0x7fba91d75080_0, 3, 1;
L_0x7fba91d7c830 .functor MUXZ 16, L_0x106d7e010, L_0x7fba91d7a6f0, L_0x7fba91d7c9b0, C4<>;
L_0x7fba91d7cbc0 .part v0x7fba91d75080_0, 3, 1;
L_0x7fba91d7ca50 .functor MUXZ 16, L_0x106d7e058, L_0x7fba91d7a8f0, L_0x7fba91d7cbc0, C4<>;
L_0x7fba91d7cde0 .part v0x7fba91d75080_0, 3, 1;
L_0x7fba91d7cc60 .functor MUXZ 16, L_0x106d7e0a0, L_0x7fba91d7ab40, L_0x7fba91d7cde0, C4<>;
L_0x7fba91d7cfd0 .part v0x7fba91d75080_0, 3, 1;
L_0x7fba91d7ce80 .functor MUXZ 16, L_0x106d7e0e8, L_0x7fba91d7ad60, L_0x7fba91d7cfd0, C4<>;
L_0x7fba91d7d330 .part v0x7fba91d75080_0, 3, 1;
L_0x7fba91d7bf10 .functor MUXZ 16, L_0x106d7e130, L_0x7fba91d7b090, L_0x7fba91d7d330, C4<>;
L_0x7fba91d7d540 .part v0x7fba91d75080_0, 3, 1;
L_0x7fba91d7d3d0 .functor MUXZ 16, L_0x106d7e178, L_0x7fba91d7b250, L_0x7fba91d7d540, C4<>;
L_0x7fba91d7d760 .part v0x7fba91d75080_0, 3, 1;
L_0x7fba91d7d5e0 .functor MUXZ 16, L_0x106d7e1c0, L_0x7fba91d7b4a0, L_0x7fba91d7d760, C4<>;
S_0x7fba91d5acb0 .scope module, "mux1" "demux1_8" 3 22, 4 2 0, S_0x7fba91d5b810;
 .timescale 0 0;
    .port_info 0 /INPUT 16 "input1"
    .port_info 1 /INPUT 3 "selector"
    .port_info 2 /OUTPUT 16 "output1"
    .port_info 3 /OUTPUT 16 "output2"
    .port_info 4 /OUTPUT 16 "output3"
    .port_info 5 /OUTPUT 16 "output4"
    .port_info 6 /OUTPUT 16 "output5"
    .port_info 7 /OUTPUT 16 "output6"
    .port_info 8 /OUTPUT 16 "output7"
    .port_info 9 /OUTPUT 16 "output8"
v0x7fba91d6a280_0 .net *"_s11", 0 0, L_0x7fba91d77400;  1 drivers
L_0x106d7d4d0 .functor BUFT 1, C4<0000000000000000>, C4<0>, C4<0>, C4<0>;
v0x7fba91d6a340_0 .net/2u *"_s12", 15 0, L_0x106d7d4d0;  1 drivers
v0x7fba91d6a3e0_0 .net *"_s17", 0 0, L_0x7fba91d77640;  1 drivers
L_0x106d7d518 .functor BUFT 1, C4<0000000000000000>, C4<0>, C4<0>, C4<0>;
v0x7fba91d6a480_0 .net/2u *"_s18", 15 0, L_0x106d7d518;  1 drivers
v0x7fba91d6a530_0 .net *"_s23", 0 0, L_0x7fba91d77840;  1 drivers
L_0x106d7d560 .functor BUFT 1, C4<0000000000000000>, C4<0>, C4<0>, C4<0>;
v0x7fba91d6a620_0 .net/2u *"_s24", 15 0, L_0x106d7d560;  1 drivers
v0x7fba91d6a6d0_0 .net *"_s29", 0 0, L_0x7fba91d77a50;  1 drivers
L_0x106d7d5a8 .functor BUFT 1, C4<0000000000000000>, C4<0>, C4<0>, C4<0>;
v0x7fba91d6a780_0 .net/2u *"_s30", 15 0, L_0x106d7d5a8;  1 drivers
v0x7fba91d6a830_0 .net *"_s35", 0 0, L_0x7fba91d77c30;  1 drivers
L_0x106d7d5f0 .functor BUFT 1, C4<0000000000000000>, C4<0>, C4<0>, C4<0>;
v0x7fba91d6a940_0 .net/2u *"_s36", 15 0, L_0x106d7d5f0;  1 drivers
v0x7fba91d6a9f0_0 .net *"_s41", 0 0, L_0x7fba91d77ee0;  1 drivers
L_0x106d7d638 .functor BUFT 1, C4<0000000000000000>, C4<0>, C4<0>, C4<0>;
v0x7fba91d6aaa0_0 .net/2u *"_s42", 15 0, L_0x106d7d638;  1 drivers
v0x7fba91d6ab50_0 .net *"_s47", 0 0, L_0x7fba91d78120;  1 drivers
L_0x106d7d680 .functor BUFT 1, C4<0000000000000000>, C4<0>, C4<0>, C4<0>;
v0x7fba91d6ac00_0 .net/2u *"_s48", 15 0, L_0x106d7d680;  1 drivers
v0x7fba91d6acb0_0 .net *"_s5", 0 0, L_0x7fba91d77180;  1 drivers
L_0x106d7d488 .functor BUFT 1, C4<0000000000000000>, C4<0>, C4<0>, C4<0>;
v0x7fba91d6ad60_0 .net/2u *"_s6", 15 0, L_0x106d7d488;  1 drivers
v0x7fba91d6ae10_0 .net "input1", 15 0, v0x7fba91d10780_0;  alias, 1 drivers
v0x7fba91d6afa0_0 .net "output1", 15 0, L_0x7fba91d77320;  alias, 1 drivers
v0x7fba91d6b030_0 .net "output2", 15 0, L_0x7fba91d77520;  alias, 1 drivers
v0x7fba91d6b0d0_0 .net "output3", 15 0, L_0x7fba91d77720;  alias, 1 drivers
v0x7fba91d6b180_0 .net "output4", 15 0, L_0x7fba91d77930;  alias, 1 drivers
v0x7fba91d6b230_0 .net "output5", 15 0, L_0x7fba91d77b50;  alias, 1 drivers
v0x7fba91d6b2e0_0 .net "output6", 15 0, L_0x7fba91d77e40;  alias, 1 drivers
v0x7fba91d6b390_0 .net "output7", 15 0, L_0x7fba91d78000;  alias, 1 drivers
v0x7fba91d6b440_0 .net "output8", 15 0, L_0x7fba91d78250;  alias, 1 drivers
v0x7fba91d6b4f0_0 .net "selector", 2 0, L_0x7fba91d78330;  1 drivers
v0x7fba91d6b5a0_0 .net "submodule1_a", 15 0, L_0x7fba91d75990;  1 drivers
v0x7fba91d6b660_0 .net "submodule1_b", 15 0, L_0x7fba91d75c10;  1 drivers
v0x7fba91d6b6f0_0 .net "submodule1_c", 15 0, L_0x7fba91d75dd0;  1 drivers
v0x7fba91d6b780_0 .net "submodule1_d", 15 0, L_0x7fba91d75fe0;  1 drivers
v0x7fba91d6b810_0 .net "submodule2_a", 15 0, L_0x7fba91d768c0;  1 drivers
v0x7fba91d6b8a0_0 .net "submodule2_b", 15 0, L_0x7fba91d76b30;  1 drivers
v0x7fba91d6b950_0 .net "submodule2_c", 15 0, L_0x7fba91d76d30;  1 drivers
v0x7fba91d6aec0_0 .net "submodule2_d", 15 0, L_0x7fba91d76f80;  1 drivers
L_0x7fba91d76100 .part L_0x7fba91d78330, 0, 2;
L_0x7fba91d770a0 .part L_0x7fba91d78330, 0, 2;
L_0x7fba91d77180 .part L_0x7fba91d78330, 2, 1;
L_0x7fba91d77320 .functor MUXZ 16, L_0x7fba91d75990, L_0x106d7d488, L_0x7fba91d77180, C4<>;
L_0x7fba91d77400 .part L_0x7fba91d78330, 2, 1;
L_0x7fba91d77520 .functor MUXZ 16, L_0x7fba91d75c10, L_0x106d7d4d0, L_0x7fba91d77400, C4<>;
L_0x7fba91d77640 .part L_0x7fba91d78330, 2, 1;
L_0x7fba91d77720 .functor MUXZ 16, L_0x7fba91d75dd0, L_0x106d7d518, L_0x7fba91d77640, C4<>;
L_0x7fba91d77840 .part L_0x7fba91d78330, 2, 1;
L_0x7fba91d77930 .functor MUXZ 16, L_0x7fba91d75fe0, L_0x106d7d560, L_0x7fba91d77840, C4<>;
L_0x7fba91d77a50 .part L_0x7fba91d78330, 2, 1;
L_0x7fba91d77b50 .functor MUXZ 16, L_0x106d7d5a8, L_0x7fba91d768c0, L_0x7fba91d77a50, C4<>;
L_0x7fba91d77c30 .part L_0x7fba91d78330, 2, 1;
L_0x7fba91d77e40 .functor MUXZ 16, L_0x106d7d5f0, L_0x7fba91d76b30, L_0x7fba91d77c30, C4<>;
L_0x7fba91d77ee0 .part L_0x7fba91d78330, 2, 1;
L_0x7fba91d78000 .functor MUXZ 16, L_0x106d7d638, L_0x7fba91d76d30, L_0x7fba91d77ee0, C4<>;
L_0x7fba91d78120 .part L_0x7fba91d78330, 2, 1;
L_0x7fba91d78250 .functor MUXZ 16, L_0x106d7d680, L_0x7fba91d76f80, L_0x7fba91d78120, C4<>;
S_0x7fba91d5a150 .scope module, "mux1" "demux1_4" 4 13, 5 2 0, S_0x7fba91d5acb0;
 .timescale 0 0;
    .port_info 0 /INPUT 16 "input1"
    .port_info 1 /INPUT 2 "selector"
    .port_info 2 /OUTPUT 16 "output1"
    .port_info 3 /OUTPUT 16 "output2"
    .port_info 4 /OUTPUT 16 "output3"
    .port_info 5 /OUTPUT 16 "output4"
v0x7fba91d676d0_0 .net *"_s11", 0 0, L_0x7fba91d75af0;  1 drivers
L_0x106d7d170 .functor BUFT 1, C4<0000000000000000>, C4<0>, C4<0>, C4<0>;
v0x7fba91d67790_0 .net/2u *"_s12", 15 0, L_0x106d7d170;  1 drivers
v0x7fba91d67830_0 .net *"_s17", 0 0, L_0x7fba91d75d30;  1 drivers
L_0x106d7d1b8 .functor BUFT 1, C4<0000000000000000>, C4<0>, C4<0>, C4<0>;
v0x7fba91d678e0_0 .net/2u *"_s18", 15 0, L_0x106d7d1b8;  1 drivers
v0x7fba91d67990_0 .net *"_s23", 0 0, L_0x7fba91d75ef0;  1 drivers
L_0x106d7d200 .functor BUFT 1, C4<0000000000000000>, C4<0>, C4<0>, C4<0>;
v0x7fba91d67a80_0 .net/2u *"_s24", 15 0, L_0x106d7d200;  1 drivers
v0x7fba91d67b30_0 .net *"_s5", 0 0, L_0x7fba91d758b0;  1 drivers
L_0x106d7d128 .functor BUFT 1, C4<0000000000000000>, C4<0>, C4<0>, C4<0>;
v0x7fba91d67be0_0 .net/2u *"_s6", 15 0, L_0x106d7d128;  1 drivers
v0x7fba91d67c90_0 .net "input1", 15 0, v0x7fba91d10780_0;  alias, 1 drivers
v0x7fba91d67da0_0 .net "output1", 15 0, L_0x7fba91d75990;  alias, 1 drivers
v0x7fba91d67e40_0 .net "output2", 15 0, L_0x7fba91d75c10;  alias, 1 drivers
v0x7fba91d67ef0_0 .net "output3", 15 0, L_0x7fba91d75dd0;  alias, 1 drivers
v0x7fba91d67fa0_0 .net "output4", 15 0, L_0x7fba91d75fe0;  alias, 1 drivers
v0x7fba91d68050_0 .net "selector", 1 0, L_0x7fba91d76100;  1 drivers
v0x7fba91d68100_0 .net "submodule1_a", 15 0, L_0x7fba91d75110;  1 drivers
v0x7fba91d681a0_0 .net "submodule1_b", 15 0, L_0x7fba91d6cd00;  1 drivers
v0x7fba91d68250_0 .net "submodule2_a", 15 0, L_0x7fba91d75550;  1 drivers
v0x7fba91d68400_0 .net "submodule2_b", 15 0, L_0x7fba91d75670;  1 drivers
L_0x7fba91d754b0 .part L_0x7fba91d76100, 0, 1;
L_0x7fba91d757d0 .part L_0x7fba91d76100, 0, 1;
L_0x7fba91d758b0 .part L_0x7fba91d76100, 1, 1;
L_0x7fba91d75990 .functor MUXZ 16, L_0x7fba91d75110, L_0x106d7d128, L_0x7fba91d758b0, C4<>;
L_0x7fba91d75af0 .part L_0x7fba91d76100, 1, 1;
L_0x7fba91d75c10 .functor MUXZ 16, L_0x7fba91d6cd00, L_0x106d7d170, L_0x7fba91d75af0, C4<>;
L_0x7fba91d75d30 .part L_0x7fba91d76100, 1, 1;
L_0x7fba91d75dd0 .functor MUXZ 16, L_0x106d7d1b8, L_0x7fba91d75550, L_0x7fba91d75d30, C4<>;
L_0x7fba91d75ef0 .part L_0x7fba91d76100, 1, 1;
L_0x7fba91d75fe0 .functor MUXZ 16, L_0x106d7d200, L_0x7fba91d75670, L_0x7fba91d75ef0, C4<>;
S_0x7fba91d518d0 .scope module, "mux1" "demux1_2" 5 9, 6 1 0, S_0x7fba91d5a150;
 .timescale 0 0;
    .port_info 0 /INPUT 16 "input1"
    .port_info 1 /INPUT 1 "selector"
    .port_info 2 /OUTPUT 16 "output1"
    .port_info 3 /OUTPUT 16 "output2"
L_0x106d7d008 .functor BUFT 1, C4<0000000000000000>, C4<0>, C4<0>, C4<0>;
v0x7fba91d40440_0 .net/2u *"_s0", 15 0, L_0x106d7d008;  1 drivers
L_0x106d7d050 .functor BUFT 1, C4<0000000000000000>, C4<0>, C4<0>, C4<0>;
v0x7fba91d66c20_0 .net/2u *"_s4", 15 0, L_0x106d7d050;  1 drivers
v0x7fba91d66cd0_0 .net "input1", 15 0, v0x7fba91d10780_0;  alias, 1 drivers
v0x7fba91d66d90_0 .net "output1", 15 0, L_0x7fba91d75110;  alias, 1 drivers
v0x7fba91d66e40_0 .net "output2", 15 0, L_0x7fba91d6cd00;  alias, 1 drivers
v0x7fba91d66f30_0 .net "selector", 0 0, L_0x7fba91d754b0;  1 drivers
L_0x7fba91d75110 .functor MUXZ 16, v0x7fba91d10780_0, L_0x106d7d008, L_0x7fba91d754b0, C4<>;
L_0x7fba91d6cd00 .functor MUXZ 16, L_0x106d7d050, v0x7fba91d10780_0, L_0x7fba91d754b0, C4<>;
S_0x7fba91d67010 .scope module, "mux2" "demux1_2" 5 10, 6 1 0, S_0x7fba91d5a150;
 .timescale 0 0;
    .port_info 0 /INPUT 16 "input1"
    .port_info 1 /INPUT 1 "selector"
    .port_info 2 /OUTPUT 16 "output1"
    .port_info 3 /OUTPUT 16 "output2"
L_0x106d7d098 .functor BUFT 1, C4<0000000000000000>, C4<0>, C4<0>, C4<0>;
v0x7fba91d67230_0 .net/2u *"_s0", 15 0, L_0x106d7d098;  1 drivers
L_0x106d7d0e0 .functor BUFT 1, C4<0000000000000000>, C4<0>, C4<0>, C4<0>;
v0x7fba91d672e0_0 .net/2u *"_s4", 15 0, L_0x106d7d0e0;  1 drivers
v0x7fba91d67390_0 .net "input1", 15 0, v0x7fba91d10780_0;  alias, 1 drivers
v0x7fba91d67460_0 .net "output1", 15 0, L_0x7fba91d75550;  alias, 1 drivers
v0x7fba91d67500_0 .net "output2", 15 0, L_0x7fba91d75670;  alias, 1 drivers
v0x7fba91d675f0_0 .net "selector", 0 0, L_0x7fba91d757d0;  1 drivers
L_0x7fba91d75550 .functor MUXZ 16, v0x7fba91d10780_0, L_0x106d7d098, L_0x7fba91d757d0, C4<>;
L_0x7fba91d75670 .functor MUXZ 16, L_0x106d7d0e0, v0x7fba91d10780_0, L_0x7fba91d757d0, C4<>;
S_0x7fba91d684b0 .scope module, "mux2" "demux1_4" 4 14, 5 2 0, S_0x7fba91d5acb0;
 .timescale 0 0;
    .port_info 0 /INPUT 16 "input1"
    .port_info 1 /INPUT 2 "selector"
    .port_info 2 /OUTPUT 16 "output1"
    .port_info 3 /OUTPUT 16 "output2"
    .port_info 4 /OUTPUT 16 "output3"
    .port_info 5 /OUTPUT 16 "output4"
v0x7fba91d694c0_0 .net *"_s11", 0 0, L_0x7fba91d769e0;  1 drivers
L_0x106d7d3b0 .functor BUFT 1, C4<0000000000000000>, C4<0>, C4<0>, C4<0>;
v0x7fba91d69580_0 .net/2u *"_s12", 15 0, L_0x106d7d3b0;  1 drivers
v0x7fba91d69620_0 .net *"_s17", 0 0, L_0x7fba91d76c50;  1 drivers
L_0x106d7d3f8 .functor BUFT 1, C4<0000000000000000>, C4<0>, C4<0>, C4<0>;
v0x7fba91d696d0_0 .net/2u *"_s18", 15 0, L_0x106d7d3f8;  1 drivers
v0x7fba91d69780_0 .net *"_s23", 0 0, L_0x7fba91d76e90;  1 drivers
L_0x106d7d440 .functor BUFT 1, C4<0000000000000000>, C4<0>, C4<0>, C4<0>;
v0x7fba91d69870_0 .net/2u *"_s24", 15 0, L_0x106d7d440;  1 drivers
v0x7fba91d69920_0 .net *"_s5", 0 0, L_0x7fba91d76820;  1 drivers
L_0x106d7d368 .functor BUFT 1, C4<0000000000000000>, C4<0>, C4<0>, C4<0>;
v0x7fba91d699d0_0 .net/2u *"_s6", 15 0, L_0x106d7d368;  1 drivers
v0x7fba91d69a80_0 .net "input1", 15 0, v0x7fba91d10780_0;  alias, 1 drivers
v0x7fba91d69b90_0 .net "output1", 15 0, L_0x7fba91d768c0;  alias, 1 drivers
v0x7fba91d69c30_0 .net "output2", 15 0, L_0x7fba91d76b30;  alias, 1 drivers
v0x7fba91d69ce0_0 .net "output3", 15 0, L_0x7fba91d76d30;  alias, 1 drivers
v0x7fba91d69d90_0 .net "output4", 15 0, L_0x7fba91d76f80;  alias, 1 drivers
v0x7fba91d69e40_0 .net "selector", 1 0, L_0x7fba91d770a0;  1 drivers
v0x7fba91d69ef0_0 .net "submodule1_a", 15 0, L_0x7fba91d76220;  1 drivers
v0x7fba91d69fb0_0 .net "submodule1_b", 15 0, L_0x7fba91d76300;  1 drivers
v0x7fba91d6a040_0 .net "submodule2_a", 15 0, L_0x7fba91d76500;  1 drivers
v0x7fba91d6a1d0_0 .net "submodule2_b", 15 0, L_0x7fba91d76620;  1 drivers
L_0x7fba91d76460 .part L_0x7fba91d770a0, 0, 1;
L_0x7fba91d76780 .part L_0x7fba91d770a0, 0, 1;
L_0x7fba91d76820 .part L_0x7fba91d770a0, 1, 1;
L_0x7fba91d768c0 .functor MUXZ 16, L_0x7fba91d76220, L_0x106d7d368, L_0x7fba91d76820, C4<>;
L_0x7fba91d769e0 .part L_0x7fba91d770a0, 1, 1;
L_0x7fba91d76b30 .functor MUXZ 16, L_0x7fba91d76300, L_0x106d7d3b0, L_0x7fba91d769e0, C4<>;
L_0x7fba91d76c50 .part L_0x7fba91d770a0, 1, 1;
L_0x7fba91d76d30 .functor MUXZ 16, L_0x106d7d3f8, L_0x7fba91d76500, L_0x7fba91d76c50, C4<>;
L_0x7fba91d76e90 .part L_0x7fba91d770a0, 1, 1;
L_0x7fba91d76f80 .functor MUXZ 16, L_0x106d7d440, L_0x7fba91d76620, L_0x7fba91d76e90, C4<>;
S_0x7fba91d68700 .scope module, "mux1" "demux1_2" 5 9, 6 1 0, S_0x7fba91d684b0;
 .timescale 0 0;
    .port_info 0 /INPUT 16 "input1"
    .port_info 1 /INPUT 1 "selector"
    .port_info 2 /OUTPUT 16 "output1"
    .port_info 3 /OUTPUT 16 "output2"
L_0x106d7d248 .functor BUFT 1, C4<0000000000000000>, C4<0>, C4<0>, C4<0>;
v0x7fba91d68930_0 .net/2u *"_s0", 15 0, L_0x106d7d248;  1 drivers
L_0x106d7d290 .functor BUFT 1, C4<0000000000000000>, C4<0>, C4<0>, C4<0>;
v0x7fba91d689f0_0 .net/2u *"_s4", 15 0, L_0x106d7d290;  1 drivers
v0x7fba91d68aa0_0 .net "input1", 15 0, v0x7fba91d10780_0;  alias, 1 drivers
v0x7fba91d68b50_0 .net "output1", 15 0, L_0x7fba91d76220;  alias, 1 drivers
v0x7fba91d68c00_0 .net "output2", 15 0, L_0x7fba91d76300;  alias, 1 drivers
v0x7fba91d68cf0_0 .net "selector", 0 0, L_0x7fba91d76460;  1 drivers
L_0x7fba91d76220 .functor MUXZ 16, v0x7fba91d10780_0, L_0x106d7d248, L_0x7fba91d76460, C4<>;
L_0x7fba91d76300 .functor MUXZ 16, L_0x106d7d290, v0x7fba91d10780_0, L_0x7fba91d76460, C4<>;
S_0x7fba91d68dd0 .scope module, "mux2" "demux1_2" 5 10, 6 1 0, S_0x7fba91d684b0;
 .timescale 0 0;
    .port_info 0 /INPUT 16 "input1"
    .port_info 1 /INPUT 1 "selector"
    .port_info 2 /OUTPUT 16 "output1"
    .port_info 3 /OUTPUT 16 "output2"
L_0x106d7d2d8 .functor BUFT 1, C4<0000000000000000>, C4<0>, C4<0>, C4<0>;
v0x7fba91d68ff0_0 .net/2u *"_s0", 15 0, L_0x106d7d2d8;  1 drivers
L_0x106d7d320 .functor BUFT 1, C4<0000000000000000>, C4<0>, C4<0>, C4<0>;
v0x7fba91d690a0_0 .net/2u *"_s4", 15 0, L_0x106d7d320;  1 drivers
v0x7fba91d69150_0 .net "input1", 15 0, v0x7fba91d10780_0;  alias, 1 drivers
v0x7fba91d69280_0 .net "output1", 15 0, L_0x7fba91d76500;  alias, 1 drivers
v0x7fba91d69330_0 .net "output2", 15 0, L_0x7fba91d76620;  alias, 1 drivers
v0x7fba91d693e0_0 .net "selector", 0 0, L_0x7fba91d76780;  1 drivers
L_0x7fba91d76500 .functor MUXZ 16, v0x7fba91d10780_0, L_0x106d7d2d8, L_0x7fba91d76780, C4<>;
L_0x7fba91d76620 .functor MUXZ 16, L_0x106d7d320, v0x7fba91d10780_0, L_0x7fba91d76780, C4<>;
S_0x7fba91d6bc90 .scope module, "mux2" "demux1_8" 3 23, 4 2 0, S_0x7fba91d5b810;
 .timescale 0 0;
    .port_info 0 /INPUT 16 "input1"
    .port_info 1 /INPUT 3 "selector"
    .port_info 2 /OUTPUT 16 "output1"
    .port_info 3 /OUTPUT 16 "output2"
    .port_info 4 /OUTPUT 16 "output3"
    .port_info 5 /OUTPUT 16 "output4"
    .port_info 6 /OUTPUT 16 "output5"
    .port_info 7 /OUTPUT 16 "output6"
    .port_info 8 /OUTPUT 16 "output7"
    .port_info 9 /OUTPUT 16 "output8"
v0x7fba91d6fb10_0 .net *"_s11", 0 0, L_0x7fba91d7a5d0;  1 drivers
L_0x106d7db90 .functor BUFT 1, C4<0000000000000000>, C4<0>, C4<0>, C4<0>;
v0x7fba91d6fbd0_0 .net/2u *"_s12", 15 0, L_0x106d7db90;  1 drivers
v0x7fba91d6fc70_0 .net *"_s17", 0 0, L_0x7fba91d7a810;  1 drivers
L_0x106d7dbd8 .functor BUFT 1, C4<0000000000000000>, C4<0>, C4<0>, C4<0>;
v0x7fba91d6fd10_0 .net/2u *"_s18", 15 0, L_0x106d7dbd8;  1 drivers
v0x7fba91d6fdc0_0 .net *"_s23", 0 0, L_0x7fba91d7aa50;  1 drivers
L_0x106d7dc20 .functor BUFT 1, C4<0000000000000000>, C4<0>, C4<0>, C4<0>;
v0x7fba91d6feb0_0 .net/2u *"_s24", 15 0, L_0x106d7dc20;  1 drivers
v0x7fba91d6ff60_0 .net *"_s29", 0 0, L_0x7fba91d7ac60;  1 drivers
L_0x106d7dc68 .functor BUFT 1, C4<0000000000000000>, C4<0>, C4<0>, C4<0>;
v0x7fba91d70010_0 .net/2u *"_s30", 15 0, L_0x106d7dc68;  1 drivers
v0x7fba91d700c0_0 .net *"_s35", 0 0, L_0x7fba91d7ae80;  1 drivers
L_0x106d7dcb0 .functor BUFT 1, C4<0000000000000000>, C4<0>, C4<0>, C4<0>;
v0x7fba91d701d0_0 .net/2u *"_s36", 15 0, L_0x106d7dcb0;  1 drivers
v0x7fba91d70280_0 .net *"_s41", 0 0, L_0x7fba91d7b130;  1 drivers
L_0x106d7dcf8 .functor BUFT 1, C4<0000000000000000>, C4<0>, C4<0>, C4<0>;
v0x7fba91d70330_0 .net/2u *"_s42", 15 0, L_0x106d7dcf8;  1 drivers
v0x7fba91d703e0_0 .net *"_s47", 0 0, L_0x7fba91d7b370;  1 drivers
L_0x106d7dd40 .functor BUFT 1, C4<0000000000000000>, C4<0>, C4<0>, C4<0>;
v0x7fba91d70490_0 .net/2u *"_s48", 15 0, L_0x106d7dd40;  1 drivers
v0x7fba91d70540_0 .net *"_s5", 0 0, L_0x7fba91d7a3d0;  1 drivers
L_0x106d7db48 .functor BUFT 1, C4<0000000000000000>, C4<0>, C4<0>, C4<0>;
v0x7fba91d705f0_0 .net/2u *"_s6", 15 0, L_0x106d7db48;  1 drivers
v0x7fba91d706a0_0 .net "input1", 15 0, v0x7fba91d10780_0;  alias, 1 drivers
v0x7fba91d70830_0 .net "output1", 15 0, L_0x7fba91d7a470;  alias, 1 drivers
v0x7fba91d708c0_0 .net "output2", 15 0, L_0x7fba91d7a6f0;  alias, 1 drivers
v0x7fba91d70960_0 .net "output3", 15 0, L_0x7fba91d7a8f0;  alias, 1 drivers
v0x7fba91d70a10_0 .net "output4", 15 0, L_0x7fba91d7ab40;  alias, 1 drivers
v0x7fba91d70ac0_0 .net "output5", 15 0, L_0x7fba91d7ad60;  alias, 1 drivers
v0x7fba91d70b70_0 .net "output6", 15 0, L_0x7fba91d7b090;  alias, 1 drivers
v0x7fba91d70c20_0 .net "output7", 15 0, L_0x7fba91d7b250;  alias, 1 drivers
v0x7fba91d70cd0_0 .net "output8", 15 0, L_0x7fba91d7b4a0;  alias, 1 drivers
v0x7fba91d70d80_0 .net "selector", 2 0, L_0x7fba91d7b580;  1 drivers
v0x7fba91d70e30_0 .net "submodule1_a", 15 0, L_0x7fba91d78af0;  1 drivers
v0x7fba91d70ef0_0 .net "submodule1_b", 15 0, L_0x7fba91d78d70;  1 drivers
v0x7fba91d70f80_0 .net "submodule1_c", 15 0, L_0x7fba91d78f70;  1 drivers
v0x7fba91d71010_0 .net "submodule1_d", 15 0, L_0x7fba91d79180;  1 drivers
v0x7fba91d710a0_0 .net "submodule2_a", 15 0, L_0x7fba91d79b40;  1 drivers
v0x7fba91d71130_0 .net "submodule2_b", 15 0, L_0x7fba91d79d80;  1 drivers
v0x7fba91d711e0_0 .net "submodule2_c", 15 0, L_0x7fba91d79f80;  1 drivers
v0x7fba91d70750_0 .net "submodule2_d", 15 0, L_0x7fba91d7a1d0;  1 drivers
L_0x7fba91d792a0 .part L_0x7fba91d7b580, 0, 2;
L_0x7fba91d7a2f0 .part L_0x7fba91d7b580, 0, 2;
L_0x7fba91d7a3d0 .part L_0x7fba91d7b580, 2, 1;
L_0x7fba91d7a470 .functor MUXZ 16, L_0x7fba91d78af0, L_0x106d7db48, L_0x7fba91d7a3d0, C4<>;
L_0x7fba91d7a5d0 .part L_0x7fba91d7b580, 2, 1;
L_0x7fba91d7a6f0 .functor MUXZ 16, L_0x7fba91d78d70, L_0x106d7db90, L_0x7fba91d7a5d0, C4<>;
L_0x7fba91d7a810 .part L_0x7fba91d7b580, 2, 1;
L_0x7fba91d7a8f0 .functor MUXZ 16, L_0x7fba91d78f70, L_0x106d7dbd8, L_0x7fba91d7a810, C4<>;
L_0x7fba91d7aa50 .part L_0x7fba91d7b580, 2, 1;
L_0x7fba91d7ab40 .functor MUXZ 16, L_0x7fba91d79180, L_0x106d7dc20, L_0x7fba91d7aa50, C4<>;
L_0x7fba91d7ac60 .part L_0x7fba91d7b580, 2, 1;
L_0x7fba91d7ad60 .functor MUXZ 16, L_0x106d7dc68, L_0x7fba91d79b40, L_0x7fba91d7ac60, C4<>;
L_0x7fba91d7ae80 .part L_0x7fba91d7b580, 2, 1;
L_0x7fba91d7b090 .functor MUXZ 16, L_0x106d7dcb0, L_0x7fba91d79d80, L_0x7fba91d7ae80, C4<>;
L_0x7fba91d7b130 .part L_0x7fba91d7b580, 2, 1;
L_0x7fba91d7b250 .functor MUXZ 16, L_0x106d7dcf8, L_0x7fba91d79f80, L_0x7fba91d7b130, C4<>;
L_0x7fba91d7b370 .part L_0x7fba91d7b580, 2, 1;
L_0x7fba91d7b4a0 .functor MUXZ 16, L_0x106d7dd40, L_0x7fba91d7a1d0, L_0x7fba91d7b370, C4<>;
S_0x7fba91d6bf40 .scope module, "mux1" "demux1_4" 4 13, 5 2 0, S_0x7fba91d6bc90;
 .timescale 0 0;
    .port_info 0 /INPUT 16 "input1"
    .port_info 1 /INPUT 2 "selector"
    .port_info 2 /OUTPUT 16 "output1"
    .port_info 3 /OUTPUT 16 "output2"
    .port_info 4 /OUTPUT 16 "output3"
    .port_info 5 /OUTPUT 16 "output4"
v0x7fba91d6cfd0_0 .net *"_s11", 0 0, L_0x7fba91d78c50;  1 drivers
L_0x106d7d830 .functor BUFT 1, C4<0000000000000000>, C4<0>, C4<0>, C4<0>;
v0x7fba91d6d080_0 .net/2u *"_s12", 15 0, L_0x106d7d830;  1 drivers
v0x7fba91d6d120_0 .net *"_s17", 0 0, L_0x7fba91d78e90;  1 drivers
L_0x106d7d878 .functor BUFT 1, C4<0000000000000000>, C4<0>, C4<0>, C4<0>;
v0x7fba91d6d1d0_0 .net/2u *"_s18", 15 0, L_0x106d7d878;  1 drivers
v0x7fba91d6d280_0 .net *"_s23", 0 0, L_0x7fba91d79090;  1 drivers
L_0x106d7d8c0 .functor BUFT 1, C4<0000000000000000>, C4<0>, C4<0>, C4<0>;
v0x7fba91d6d370_0 .net/2u *"_s24", 15 0, L_0x106d7d8c0;  1 drivers
v0x7fba91d6d420_0 .net *"_s5", 0 0, L_0x7fba91d78a50;  1 drivers
L_0x106d7d7e8 .functor BUFT 1, C4<0000000000000000>, C4<0>, C4<0>, C4<0>;
v0x7fba91d6d4d0_0 .net/2u *"_s6", 15 0, L_0x106d7d7e8;  1 drivers
v0x7fba91d6d580_0 .net "input1", 15 0, v0x7fba91d10780_0;  alias, 1 drivers
v0x7fba91d6d690_0 .net "output1", 15 0, L_0x7fba91d78af0;  alias, 1 drivers
v0x7fba91d6d730_0 .net "output2", 15 0, L_0x7fba91d78d70;  alias, 1 drivers
v0x7fba91d6d7e0_0 .net "output3", 15 0, L_0x7fba91d78f70;  alias, 1 drivers
v0x7fba91d6d890_0 .net "output4", 15 0, L_0x7fba91d79180;  alias, 1 drivers
v0x7fba91d6d940_0 .net "selector", 1 0, L_0x7fba91d792a0;  1 drivers
v0x7fba91d6d9f0_0 .net "submodule1_a", 15 0, L_0x7fba91d78410;  1 drivers
v0x7fba91d6dab0_0 .net "submodule1_b", 15 0, L_0x7fba91d78530;  1 drivers
v0x7fba91d6db40_0 .net "submodule2_a", 15 0, L_0x7fba91d78730;  1 drivers
v0x7fba91d6dcd0_0 .net "submodule2_b", 15 0, L_0x7fba91d78850;  1 drivers
L_0x7fba91d78690 .part L_0x7fba91d792a0, 0, 1;
L_0x7fba91d789b0 .part L_0x7fba91d792a0, 0, 1;
L_0x7fba91d78a50 .part L_0x7fba91d792a0, 1, 1;
L_0x7fba91d78af0 .functor MUXZ 16, L_0x7fba91d78410, L_0x106d7d7e8, L_0x7fba91d78a50, C4<>;
L_0x7fba91d78c50 .part L_0x7fba91d792a0, 1, 1;
L_0x7fba91d78d70 .functor MUXZ 16, L_0x7fba91d78530, L_0x106d7d830, L_0x7fba91d78c50, C4<>;
L_0x7fba91d78e90 .part L_0x7fba91d792a0, 1, 1;
L_0x7fba91d78f70 .functor MUXZ 16, L_0x106d7d878, L_0x7fba91d78730, L_0x7fba91d78e90, C4<>;
L_0x7fba91d79090 .part L_0x7fba91d792a0, 1, 1;
L_0x7fba91d79180 .functor MUXZ 16, L_0x106d7d8c0, L_0x7fba91d78850, L_0x7fba91d79090, C4<>;
S_0x7fba91d6c1b0 .scope module, "mux1" "demux1_2" 5 9, 6 1 0, S_0x7fba91d6bf40;
 .timescale 0 0;
    .port_info 0 /INPUT 16 "input1"
    .port_info 1 /INPUT 1 "selector"
    .port_info 2 /OUTPUT 16 "output1"
    .port_info 3 /OUTPUT 16 "output2"
L_0x106d7d6c8 .functor BUFT 1, C4<0000000000000000>, C4<0>, C4<0>, C4<0>;
v0x7fba91d6c3f0_0 .net/2u *"_s0", 15 0, L_0x106d7d6c8;  1 drivers
L_0x106d7d710 .functor BUFT 1, C4<0000000000000000>, C4<0>, C4<0>, C4<0>;
v0x7fba91d6c4b0_0 .net/2u *"_s4", 15 0, L_0x106d7d710;  1 drivers
v0x7fba91d6c560_0 .net "input1", 15 0, v0x7fba91d10780_0;  alias, 1 drivers
v0x7fba91d6c610_0 .net "output1", 15 0, L_0x7fba91d78410;  alias, 1 drivers
v0x7fba91d6c6c0_0 .net "output2", 15 0, L_0x7fba91d78530;  alias, 1 drivers
v0x7fba91d6c7b0_0 .net "selector", 0 0, L_0x7fba91d78690;  1 drivers
L_0x7fba91d78410 .functor MUXZ 16, v0x7fba91d10780_0, L_0x106d7d6c8, L_0x7fba91d78690, C4<>;
L_0x7fba91d78530 .functor MUXZ 16, L_0x106d7d710, v0x7fba91d10780_0, L_0x7fba91d78690, C4<>;
S_0x7fba91d6c890 .scope module, "mux2" "demux1_2" 5 10, 6 1 0, S_0x7fba91d6bf40;
 .timescale 0 0;
    .port_info 0 /INPUT 16 "input1"
    .port_info 1 /INPUT 1 "selector"
    .port_info 2 /OUTPUT 16 "output1"
    .port_info 3 /OUTPUT 16 "output2"
L_0x106d7d758 .functor BUFT 1, C4<0000000000000000>, C4<0>, C4<0>, C4<0>;
v0x7fba91d6cab0_0 .net/2u *"_s0", 15 0, L_0x106d7d758;  1 drivers
L_0x106d7d7a0 .functor BUFT 1, C4<0000000000000000>, C4<0>, C4<0>, C4<0>;
v0x7fba91d6cb60_0 .net/2u *"_s4", 15 0, L_0x106d7d7a0;  1 drivers
v0x7fba91d6cc10_0 .net "input1", 15 0, v0x7fba91d10780_0;  alias, 1 drivers
v0x7fba91d6cdc0_0 .net "output1", 15 0, L_0x7fba91d78730;  alias, 1 drivers
v0x7fba91d6ce70_0 .net "output2", 15 0, L_0x7fba91d78850;  alias, 1 drivers
v0x7fba91d6cf40_0 .net "selector", 0 0, L_0x7fba91d789b0;  1 drivers
L_0x7fba91d78730 .functor MUXZ 16, v0x7fba91d10780_0, L_0x106d7d758, L_0x7fba91d789b0, C4<>;
L_0x7fba91d78850 .functor MUXZ 16, L_0x106d7d7a0, v0x7fba91d10780_0, L_0x7fba91d789b0, C4<>;
S_0x7fba91d6dd80 .scope module, "mux2" "demux1_4" 4 14, 5 2 0, S_0x7fba91d6bc90;
 .timescale 0 0;
    .port_info 0 /INPUT 16 "input1"
    .port_info 1 /INPUT 2 "selector"
    .port_info 2 /OUTPUT 16 "output1"
    .port_info 3 /OUTPUT 16 "output2"
    .port_info 4 /OUTPUT 16 "output3"
    .port_info 5 /OUTPUT 16 "output4"
v0x7fba91d6ed50_0 .net *"_s11", 0 0, L_0x7fba91d79c60;  1 drivers
L_0x106d7da70 .functor BUFT 1, C4<0000000000000000>, C4<0>, C4<0>, C4<0>;
v0x7fba91d6ee10_0 .net/2u *"_s12", 15 0, L_0x106d7da70;  1 drivers
v0x7fba91d6eeb0_0 .net *"_s17", 0 0, L_0x7fba91d79ea0;  1 drivers
L_0x106d7dab8 .functor BUFT 1, C4<0000000000000000>, C4<0>, C4<0>, C4<0>;
v0x7fba91d6ef60_0 .net/2u *"_s18", 15 0, L_0x106d7dab8;  1 drivers
v0x7fba91d6f010_0 .net *"_s23", 0 0, L_0x7fba91d7a0e0;  1 drivers
L_0x106d7db00 .functor BUFT 1, C4<0000000000000000>, C4<0>, C4<0>, C4<0>;
v0x7fba91d6f100_0 .net/2u *"_s24", 15 0, L_0x106d7db00;  1 drivers
v0x7fba91d6f1b0_0 .net *"_s5", 0 0, L_0x7fba91d79aa0;  1 drivers
L_0x106d7da28 .functor BUFT 1, C4<0000000000000000>, C4<0>, C4<0>, C4<0>;
v0x7fba91d6f260_0 .net/2u *"_s6", 15 0, L_0x106d7da28;  1 drivers
v0x7fba91d6f310_0 .net "input1", 15 0, v0x7fba91d10780_0;  alias, 1 drivers
v0x7fba91d6f420_0 .net "output1", 15 0, L_0x7fba91d79b40;  alias, 1 drivers
v0x7fba91d6f4c0_0 .net "output2", 15 0, L_0x7fba91d79d80;  alias, 1 drivers
v0x7fba91d6f570_0 .net "output3", 15 0, L_0x7fba91d79f80;  alias, 1 drivers
v0x7fba91d6f620_0 .net "output4", 15 0, L_0x7fba91d7a1d0;  alias, 1 drivers
v0x7fba91d6f6d0_0 .net "selector", 1 0, L_0x7fba91d7a2f0;  1 drivers
v0x7fba91d6f780_0 .net "submodule1_a", 15 0, L_0x7fba91d77220;  1 drivers
v0x7fba91d6f840_0 .net "submodule1_b", 15 0, L_0x7fba91d79580;  1 drivers
v0x7fba91d6f8d0_0 .net "submodule2_a", 15 0, L_0x7fba91d79780;  1 drivers
v0x7fba91d6fa60_0 .net "submodule2_b", 15 0, L_0x7fba91d798a0;  1 drivers
L_0x7fba91d796e0 .part L_0x7fba91d7a2f0, 0, 1;
L_0x7fba91d79a00 .part L_0x7fba91d7a2f0, 0, 1;
L_0x7fba91d79aa0 .part L_0x7fba91d7a2f0, 1, 1;
L_0x7fba91d79b40 .functor MUXZ 16, L_0x7fba91d77220, L_0x106d7da28, L_0x7fba91d79aa0, C4<>;
L_0x7fba91d79c60 .part L_0x7fba91d7a2f0, 1, 1;
L_0x7fba91d79d80 .functor MUXZ 16, L_0x7fba91d79580, L_0x106d7da70, L_0x7fba91d79c60, C4<>;
L_0x7fba91d79ea0 .part L_0x7fba91d7a2f0, 1, 1;
L_0x7fba91d79f80 .functor MUXZ 16, L_0x106d7dab8, L_0x7fba91d79780, L_0x7fba91d79ea0, C4<>;
L_0x7fba91d7a0e0 .part L_0x7fba91d7a2f0, 1, 1;
L_0x7fba91d7a1d0 .functor MUXZ 16, L_0x106d7db00, L_0x7fba91d798a0, L_0x7fba91d7a0e0, C4<>;
S_0x7fba91d6dfd0 .scope module, "mux1" "demux1_2" 5 9, 6 1 0, S_0x7fba91d6dd80;
 .timescale 0 0;
    .port_info 0 /INPUT 16 "input1"
    .port_info 1 /INPUT 1 "selector"
    .port_info 2 /OUTPUT 16 "output1"
    .port_info 3 /OUTPUT 16 "output2"
L_0x106d7d908 .functor BUFT 1, C4<0000000000000000>, C4<0>, C4<0>, C4<0>;
v0x7fba91d6e200_0 .net/2u *"_s0", 15 0, L_0x106d7d908;  1 drivers
L_0x106d7d950 .functor BUFT 1, C4<0000000000000000>, C4<0>, C4<0>, C4<0>;
v0x7fba91d6e2c0_0 .net/2u *"_s4", 15 0, L_0x106d7d950;  1 drivers
v0x7fba91d6e370_0 .net "input1", 15 0, v0x7fba91d10780_0;  alias, 1 drivers
v0x7fba91d6e420_0 .net "output1", 15 0, L_0x7fba91d77220;  alias, 1 drivers
v0x7fba91d6e4d0_0 .net "output2", 15 0, L_0x7fba91d79580;  alias, 1 drivers
v0x7fba91d6e5c0_0 .net "selector", 0 0, L_0x7fba91d796e0;  1 drivers
L_0x7fba91d77220 .functor MUXZ 16, v0x7fba91d10780_0, L_0x106d7d908, L_0x7fba91d796e0, C4<>;
L_0x7fba91d79580 .functor MUXZ 16, L_0x106d7d950, v0x7fba91d10780_0, L_0x7fba91d796e0, C4<>;
S_0x7fba91d6e6a0 .scope module, "mux2" "demux1_2" 5 10, 6 1 0, S_0x7fba91d6dd80;
 .timescale 0 0;
    .port_info 0 /INPUT 16 "input1"
    .port_info 1 /INPUT 1 "selector"
    .port_info 2 /OUTPUT 16 "output1"
    .port_info 3 /OUTPUT 16 "output2"
L_0x106d7d998 .functor BUFT 1, C4<0000000000000000>, C4<0>, C4<0>, C4<0>;
v0x7fba91d6e8c0_0 .net/2u *"_s0", 15 0, L_0x106d7d998;  1 drivers
L_0x106d7d9e0 .functor BUFT 1, C4<0000000000000000>, C4<0>, C4<0>, C4<0>;
v0x7fba91d6e970_0 .net/2u *"_s4", 15 0, L_0x106d7d9e0;  1 drivers
v0x7fba91d6ea20_0 .net "input1", 15 0, v0x7fba91d10780_0;  alias, 1 drivers
v0x7fba91d6ead0_0 .net "output1", 15 0, L_0x7fba91d79780;  alias, 1 drivers
v0x7fba91d6eb80_0 .net "output2", 15 0, L_0x7fba91d798a0;  alias, 1 drivers
v0x7fba91d6ec70_0 .net "selector", 0 0, L_0x7fba91d79a00;  1 drivers
L_0x7fba91d79780 .functor MUXZ 16, v0x7fba91d10780_0, L_0x106d7d998, L_0x7fba91d79a00, C4<>;
L_0x7fba91d798a0 .functor MUXZ 16, L_0x106d7d9e0, v0x7fba91d10780_0, L_0x7fba91d79a00, C4<>;
    .scope S_0x7fba91d5c370;
T_0 ;
    %pushi/vec4 0, 0, 1;
    %ix/load 4, 0, 0;
    %flag_set/imm 4, 0;
    %store/vec4 v0x7fba91d75080_0, 4, 1;
    %pushi/vec4 0, 0, 1;
    %ix/load 4, 1, 0;
    %flag_set/imm 4, 0;
    %store/vec4 v0x7fba91d75080_0, 4, 1;
    %pushi/vec4 0, 0, 1;
    %ix/load 4, 2, 0;
    %flag_set/imm 4, 0;
    %store/vec4 v0x7fba91d75080_0, 4, 1;
    %pushi/vec4 0, 0, 1;
    %ix/load 4, 3, 0;
    %flag_set/imm 4, 0;
    %store/vec4 v0x7fba91d75080_0, 4, 1;
    %vpi_func 2 12 "$random" 32 {0 0 0};
    %pad/s 16;
    %store/vec4 v0x7fba91d10780_0, 0, 16;
    %vpi_call 2 13 "$monitor", "%d ns:   sel[0]=%b sel[1]=%b sel[2]=%b in1=%h   out1=%h out2=%h out3=%h out4=%h out5=%h out6=%h out7=%h out8=%h out9=%h out10=%h out11=%h out12=%h out13=%h out14=%h out15=%h out16=%h", $time, &PV<v0x7fba91d75080_0, 0, 1>, &PV<v0x7fba91d75080_0, 1, 1>, &PV<v0x7fba91d75080_0, 2, 1>, v0x7fba91d10780_0, v0x7fba91d743f0_0, v0x7fba91d74a40_0, v0x7fba91d74ad0_0, v0x7fba91d74b60_0, v0x7fba91d74c10_0, v0x7fba91d74cc0_0, v0x7fba91d74d70_0, v0x7fba91d74e20_0, v0x7fba91d74ed0_0, v0x7fba91d744b0_0, v0x7fba91d74580_0, v0x7fba91d74630_0, v0x7fba91d74700_0, v0x7fba91d747b0_0, v0x7fba91d74860_0, v0x7fba91d74910_0 {0 0 0};
    %delay 16, 0;
    %vpi_call 2 15 "$finish" {0 0 0};
    %end;
    .thread T_0;
    .scope S_0x7fba91d5c370;
T_1 ;
    %delay 1, 0;
    %load/vec4 v0x7fba91d75080_0;
    %parti/s 1, 0, 2;
    %nor/r;
    %ix/load 4, 0, 0;
    %flag_set/imm 4, 0;
    %store/vec4 v0x7fba91d75080_0, 4, 1;
    %jmp T_1;
    .thread T_1;
    .scope S_0x7fba91d5c370;
T_2 ;
    %delay 2, 0;
    %load/vec4 v0x7fba91d75080_0;
    %parti/s 1, 1, 2;
    %nor/r;
    %ix/load 4, 1, 0;
    %flag_set/imm 4, 0;
    %store/vec4 v0x7fba91d75080_0, 4, 1;
    %jmp T_2;
    .thread T_2;
    .scope S_0x7fba91d5c370;
T_3 ;
    %delay 4, 0;
    %load/vec4 v0x7fba91d75080_0;
    %parti/s 1, 2, 3;
    %nor/r;
    %ix/load 4, 2, 0;
    %flag_set/imm 4, 0;
    %store/vec4 v0x7fba91d75080_0, 4, 1;
    %jmp T_3;
    .thread T_3;
    .scope S_0x7fba91d5c370;
T_4 ;
    %delay 8, 0;
    %load/vec4 v0x7fba91d75080_0;
    %parti/s 1, 3, 3;
    %nor/r;
    %ix/load 4, 3, 0;
    %flag_set/imm 4, 0;
    %store/vec4 v0x7fba91d75080_0, 4, 1;
    %jmp T_4;
    .thread T_4;
    .scope S_0x7fba91d5c370;
T_5 ;
    %vpi_call 2 22 "$dumpfile", "demux1_16.vcd" {0 0 0};
    %vpi_call 2 23 "$dumpvars" {0 0 0};
    %end;
    .thread T_5;
# The file index is used to find the file name in the following table.
:file_names 7;
    "N/A";
    "<interactive>";
    "demux_1_16_tb.v";
    "demux_1_16.v";
    "./demux_1_8.v";
    "./demux_1_4.v";
    "./demux_1_2.v";
