#! /usr/local/Cellar/icarus-verilog/10.3/bin/vvp
:ivl_version "10.3 (stable)" "(v10_3)";
:ivl_delay_selection "TYPICAL";
:vpi_time_precision - 9;
:vpi_module "system";
:vpi_module "vhdl_sys";
:vpi_module "v2005_math";
:vpi_module "va_math";
S_0x7fd63ac06520 .scope module, "greaterOrEqualTo6_tb" "greaterOrEqualTo6_tb" 2 2;
 .timescale -9 -9;
v0x7fd63ac1c720_0 .var "y", 2 0;
v0x7fd63ac1c7d0_0 .net "z1", 0 0, v0x7fd63ac1c610_0;  1 drivers
S_0x7fd63ac0c430 .scope module, "mod" "greaterOrEqualTo6" 2 5, 3 1 0, S_0x7fd63ac06520;
 .timescale 0 0;
    .port_info 0 /INPUT 3 "y"
    .port_info 1 /OUTPUT 1 "z1"
v0x7fd63ac07700_0 .net *"_s2", 0 0, L_0x7fd63ac1c880;  1 drivers
v0x7fd63ac1c3f0_0 .net *"_s5", 0 0, L_0x7fd63ac1c980;  1 drivers
v0x7fd63ac1c4a0_0 .net *"_s8", 0 0, L_0x7fd63ac1ca20;  1 drivers
v0x7fd63ac1c560_0 .net "y", 2 0, v0x7fd63ac1c720_0;  1 drivers
v0x7fd63ac1c610_0 .var "z1", 0 0;
E_0x7fd63ac07b80 .event edge, L_0x7fd63ac1ca20, L_0x7fd63ac1c980, L_0x7fd63ac1c880;
L_0x7fd63ac1c880 .part v0x7fd63ac1c720_0, 2, 1;
L_0x7fd63ac1c980 .part v0x7fd63ac1c720_0, 1, 1;
L_0x7fd63ac1ca20 .part v0x7fd63ac1c720_0, 0, 1;
    .scope S_0x7fd63ac0c430;
T_0 ;
    %wait E_0x7fd63ac07b80;
    %load/vec4 v0x7fd63ac1c560_0;
    %parti/s 1, 2, 3;
    %load/vec4 v0x7fd63ac1c560_0;
    %parti/s 1, 1, 2;
    %and;
    %flag_set/vec4 8;
    %jmp/0xz  T_0.0, 8;
    %pushi/vec4 1, 0, 1;
    %store/vec4 v0x7fd63ac1c610_0, 0, 1;
    %jmp T_0.1;
T_0.0 ;
    %pushi/vec4 0, 0, 1;
    %store/vec4 v0x7fd63ac1c610_0, 0, 1;
T_0.1 ;
    %jmp T_0;
    .thread T_0, $push;
    .scope S_0x7fd63ac06520;
T_1 ;
    %pushi/vec4 0, 0, 3;
    %store/vec4 v0x7fd63ac1c720_0, 0, 3;
    %vpi_call 2 8 "$monitor", "%d ns:\011y=%b\011 z1=%b", $time, v0x7fd63ac1c720_0, v0x7fd63ac1c7d0_0 {0 0 0};
    %delay 10, 0;
    %vpi_call 2 9 "$finish" {0 0 0};
    %end;
    .thread T_1;
    .scope S_0x7fd63ac06520;
T_2 ;
    %delay 1, 0;
    %load/vec4 v0x7fd63ac1c720_0;
    %addi 1, 0, 3;
    %store/vec4 v0x7fd63ac1c720_0, 0, 3;
    %jmp T_2;
    .thread T_2;
    .scope S_0x7fd63ac06520;
T_3 ;
    %vpi_call 2 13 "$dumpfile", "greaterOrEqualTo6.vcd" {0 0 0};
    %vpi_call 2 14 "$dumpvars" {0 0 0};
    %end;
    .thread T_3;
# The file index is used to find the file name in the following table.
:file_names 4;
    "N/A";
    "<interactive>";
    "greaterOrEqualTo6_tb.v";
    "greaterOrEqualTo6.v";
