#! /usr/local/Cellar/icarus-verilog/10.3/bin/vvp
:ivl_version "10.3 (stable)" "(v10_3)";
:ivl_delay_selection "TYPICAL";
:vpi_time_precision + 0;
:vpi_module "system";
:vpi_module "vhdl_sys";
:vpi_module "v2005_math";
:vpi_module "va_math";
S_0x7f8dd2e04220 .scope module, "Thunderbird_tb" "Thunderbird_tb" 2 1;
 .timescale 0 0;
v0x7f8dd2e16620_0 .var "L", 0 0;
v0x7f8dd2e166b0_0 .net "LA", 0 0, L_0x7f8dd2e17660;  1 drivers
v0x7f8dd2e16740_0 .net "LB", 0 0, L_0x7f8dd2e17110;  1 drivers
v0x7f8dd2e167d0_0 .net "LC", 0 0, L_0x7f8dd2e16d90;  1 drivers
v0x7f8dd2e16860_0 .var "R", 0 0;
v0x7f8dd2e16930_0 .net "RA", 0 0, L_0x7f8dd2e17c70;  1 drivers
v0x7f8dd2e169c0_0 .net "RB", 0 0, L_0x7f8dd2e17f80;  1 drivers
v0x7f8dd2e16a70_0 .net "RC", 0 0, L_0x7f8dd2e18070;  1 drivers
v0x7f8dd2e16b20_0 .var "clk", 0 0;
v0x7f8dd2e16c50_0 .var "reset", 0 0;
v0x7f8dd2e16ce0_0 .net "y", 2 0, v0x7f8dd2e16490_0;  1 drivers
S_0x7f8dd2e04390 .scope module, "fsm" "FSMBehavioral" 2 7, 3 1 0, S_0x7f8dd2e04220;
 .timescale 0 0;
    .port_info 0 /INPUT 1 "reset"
    .port_info 1 /INPUT 1 "clk"
    .port_info 2 /INPUT 1 "R"
    .port_info 3 /INPUT 1 "L"
    .port_info 4 /OUTPUT 1 "LC"
    .port_info 5 /OUTPUT 1 "LB"
    .port_info 6 /OUTPUT 1 "LA"
    .port_info 7 /OUTPUT 1 "RA"
    .port_info 8 /OUTPUT 1 "RB"
    .port_info 9 /OUTPUT 1 "RC"
    .port_info 10 /OUTPUT 3 "y"
P_0x7f8dd2e04540 .param/l "a" 0 3 7, C4<000>;
P_0x7f8dd2e04580 .param/l "b" 0 3 7, C4<001>;
P_0x7f8dd2e045c0 .param/l "c" 0 3 7, C4<010>;
P_0x7f8dd2e04600 .param/l "d" 0 3 7, C4<011>;
P_0x7f8dd2e04640 .param/l "e" 0 3 8, C4<100>;
P_0x7f8dd2e04680 .param/l "f" 0 3 8, C4<101>;
P_0x7f8dd2e046c0 .param/l "g" 0 3 8, C4<111>;
L_0x7f8dd2e17110 .functor OR 1, L_0x7f8dd2e16ef0, L_0x7f8dd2e16fd0, C4<0>, C4<0>;
L_0x7f8dd2e17490 .functor OR 1, L_0x7f8dd2e17260, L_0x7f8dd2e17380, C4<0>, C4<0>;
L_0x7f8dd2e17660 .functor OR 1, L_0x7f8dd2e17490, L_0x7f8dd2e17580, C4<0>, C4<0>;
L_0x7f8dd2e17a10 .functor OR 1, L_0x7f8dd2e17790, L_0x7f8dd2e17970, C4<0>, C4<0>;
L_0x7f8dd2e17c70 .functor OR 1, L_0x7f8dd2e17a10, L_0x7f8dd2e17b80, C4<0>, C4<0>;
L_0x7f8dd2e17f80 .functor OR 1, L_0x7f8dd2e17d60, L_0x7f8dd2e17e40, C4<0>, C4<0>;
v0x7f8dd2e04b10_0 .net "L", 0 0, v0x7f8dd2e16620_0;  1 drivers
v0x7f8dd2e14bc0_0 .net "LA", 0 0, L_0x7f8dd2e17660;  alias, 1 drivers
v0x7f8dd2e14c60_0 .net "LB", 0 0, L_0x7f8dd2e17110;  alias, 1 drivers
v0x7f8dd2e14d10_0 .net "LC", 0 0, L_0x7f8dd2e16d90;  alias, 1 drivers
v0x7f8dd2e14db0_0 .net "R", 0 0, v0x7f8dd2e16860_0;  1 drivers
v0x7f8dd2e14e90_0 .net "RA", 0 0, L_0x7f8dd2e17c70;  alias, 1 drivers
v0x7f8dd2e14f30_0 .net "RB", 0 0, L_0x7f8dd2e17f80;  alias, 1 drivers
v0x7f8dd2e14fd0_0 .net "RC", 0 0, L_0x7f8dd2e18070;  alias, 1 drivers
L_0x103c14008 .functor BUFT 1, C4<011>, C4<0>, C4<0>, C4<0>;
v0x7f8dd2e15070_0 .net/2u *"_s0", 2 0, L_0x103c14008;  1 drivers
v0x7f8dd2e15180_0 .net *"_s10", 0 0, L_0x7f8dd2e16fd0;  1 drivers
L_0x103c140e0 .functor BUFT 1, C4<001>, C4<0>, C4<0>, C4<0>;
v0x7f8dd2e15220_0 .net/2u *"_s14", 2 0, L_0x103c140e0;  1 drivers
v0x7f8dd2e152d0_0 .net *"_s16", 0 0, L_0x7f8dd2e17260;  1 drivers
L_0x103c14128 .functor BUFT 1, C4<010>, C4<0>, C4<0>, C4<0>;
v0x7f8dd2e15370_0 .net/2u *"_s18", 2 0, L_0x103c14128;  1 drivers
v0x7f8dd2e15420_0 .net *"_s20", 0 0, L_0x7f8dd2e17380;  1 drivers
v0x7f8dd2e154c0_0 .net *"_s22", 0 0, L_0x7f8dd2e17490;  1 drivers
L_0x103c14170 .functor BUFT 1, C4<011>, C4<0>, C4<0>, C4<0>;
v0x7f8dd2e15570_0 .net/2u *"_s24", 2 0, L_0x103c14170;  1 drivers
v0x7f8dd2e15620_0 .net *"_s26", 0 0, L_0x7f8dd2e17580;  1 drivers
L_0x103c141b8 .functor BUFT 1, C4<100>, C4<0>, C4<0>, C4<0>;
v0x7f8dd2e157b0_0 .net/2u *"_s30", 2 0, L_0x103c141b8;  1 drivers
v0x7f8dd2e15840_0 .net *"_s32", 0 0, L_0x7f8dd2e17790;  1 drivers
L_0x103c14200 .functor BUFT 1, C4<101>, C4<0>, C4<0>, C4<0>;
v0x7f8dd2e158d0_0 .net/2u *"_s34", 2 0, L_0x103c14200;  1 drivers
v0x7f8dd2e15980_0 .net *"_s36", 0 0, L_0x7f8dd2e17970;  1 drivers
v0x7f8dd2e15a20_0 .net *"_s38", 0 0, L_0x7f8dd2e17a10;  1 drivers
L_0x103c14050 .functor BUFT 1, C4<010>, C4<0>, C4<0>, C4<0>;
v0x7f8dd2e15ad0_0 .net/2u *"_s4", 2 0, L_0x103c14050;  1 drivers
L_0x103c14248 .functor BUFT 1, C4<111>, C4<0>, C4<0>, C4<0>;
v0x7f8dd2e15b80_0 .net/2u *"_s40", 2 0, L_0x103c14248;  1 drivers
v0x7f8dd2e15c30_0 .net *"_s42", 0 0, L_0x7f8dd2e17b80;  1 drivers
L_0x103c14290 .functor BUFT 1, C4<101>, C4<0>, C4<0>, C4<0>;
v0x7f8dd2e15cd0_0 .net/2u *"_s46", 2 0, L_0x103c14290;  1 drivers
v0x7f8dd2e15d80_0 .net *"_s48", 0 0, L_0x7f8dd2e17d60;  1 drivers
L_0x103c142d8 .functor BUFT 1, C4<111>, C4<0>, C4<0>, C4<0>;
v0x7f8dd2e15e20_0 .net/2u *"_s50", 2 0, L_0x103c142d8;  1 drivers
v0x7f8dd2e15ed0_0 .net *"_s52", 0 0, L_0x7f8dd2e17e40;  1 drivers
L_0x103c14320 .functor BUFT 1, C4<111>, C4<0>, C4<0>, C4<0>;
v0x7f8dd2e15f70_0 .net/2u *"_s56", 2 0, L_0x103c14320;  1 drivers
v0x7f8dd2e16020_0 .net *"_s6", 0 0, L_0x7f8dd2e16ef0;  1 drivers
L_0x103c14098 .functor BUFT 1, C4<011>, C4<0>, C4<0>, C4<0>;
v0x7f8dd2e160c0_0 .net/2u *"_s8", 2 0, L_0x103c14098;  1 drivers
v0x7f8dd2e16170_0 .net "clk", 0 0, v0x7f8dd2e16b20_0;  1 drivers
v0x7f8dd2e156c0_0 .var "next_state", 2 0;
v0x7f8dd2e16400_0 .net "reset", 0 0, v0x7f8dd2e16c50_0;  1 drivers
v0x7f8dd2e16490_0 .var "y", 2 0;
E_0x7f8dd2e04a80 .event edge, v0x7f8dd2e14db0_0, v0x7f8dd2e04b10_0, v0x7f8dd2e16490_0;
E_0x7f8dd2e04ad0 .event posedge, v0x7f8dd2e16170_0;
L_0x7f8dd2e16d90 .cmp/eq 3, v0x7f8dd2e16490_0, L_0x103c14008;
L_0x7f8dd2e16ef0 .cmp/eq 3, v0x7f8dd2e16490_0, L_0x103c14050;
L_0x7f8dd2e16fd0 .cmp/eq 3, v0x7f8dd2e16490_0, L_0x103c14098;
L_0x7f8dd2e17260 .cmp/eq 3, v0x7f8dd2e16490_0, L_0x103c140e0;
L_0x7f8dd2e17380 .cmp/eq 3, v0x7f8dd2e16490_0, L_0x103c14128;
L_0x7f8dd2e17580 .cmp/eq 3, v0x7f8dd2e16490_0, L_0x103c14170;
L_0x7f8dd2e17790 .cmp/eq 3, v0x7f8dd2e16490_0, L_0x103c141b8;
L_0x7f8dd2e17970 .cmp/eq 3, v0x7f8dd2e16490_0, L_0x103c14200;
L_0x7f8dd2e17b80 .cmp/eq 3, v0x7f8dd2e16490_0, L_0x103c14248;
L_0x7f8dd2e17d60 .cmp/eq 3, v0x7f8dd2e16490_0, L_0x103c14290;
L_0x7f8dd2e17e40 .cmp/eq 3, v0x7f8dd2e16490_0, L_0x103c142d8;
L_0x7f8dd2e18070 .cmp/eq 3, v0x7f8dd2e16490_0, L_0x103c14320;
    .scope S_0x7f8dd2e04390;
T_0 ;
    %wait E_0x7f8dd2e04ad0;
    %load/vec4 v0x7f8dd2e16400_0;
    %flag_set/vec4 8;
    %jmp/0xz  T_0.0, 8;
    %pushi/vec4 0, 0, 3;
    %store/vec4 v0x7f8dd2e16490_0, 0, 3;
    %jmp T_0.1;
T_0.0 ;
    %load/vec4 v0x7f8dd2e156c0_0;
    %store/vec4 v0x7f8dd2e16490_0, 0, 3;
T_0.1 ;
    %jmp T_0;
    .thread T_0;
    .scope S_0x7f8dd2e04390;
T_1 ;
    %wait E_0x7f8dd2e04a80;
    %load/vec4 v0x7f8dd2e16490_0;
    %dup/vec4;
    %pushi/vec4 0, 0, 3;
    %cmp/u;
    %jmp/1 T_1.0, 6;
    %dup/vec4;
    %pushi/vec4 1, 0, 3;
    %cmp/u;
    %jmp/1 T_1.1, 6;
    %dup/vec4;
    %pushi/vec4 2, 0, 3;
    %cmp/u;
    %jmp/1 T_1.2, 6;
    %dup/vec4;
    %pushi/vec4 3, 0, 3;
    %cmp/u;
    %jmp/1 T_1.3, 6;
    %dup/vec4;
    %pushi/vec4 4, 0, 3;
    %cmp/u;
    %jmp/1 T_1.4, 6;
    %dup/vec4;
    %pushi/vec4 5, 0, 3;
    %cmp/u;
    %jmp/1 T_1.5, 6;
    %dup/vec4;
    %pushi/vec4 7, 0, 3;
    %cmp/u;
    %jmp/1 T_1.6, 6;
    %pushi/vec4 0, 0, 3;
    %store/vec4 v0x7f8dd2e156c0_0, 0, 3;
    %jmp T_1.8;
T_1.0 ;
    %load/vec4 v0x7f8dd2e04b10_0;
    %flag_set/vec4 8;
    %jmp/0xz  T_1.9, 8;
    %pushi/vec4 1, 0, 3;
    %store/vec4 v0x7f8dd2e156c0_0, 0, 3;
    %jmp T_1.10;
T_1.9 ;
    %load/vec4 v0x7f8dd2e14db0_0;
    %flag_set/vec4 8;
    %jmp/0xz  T_1.11, 8;
    %pushi/vec4 4, 0, 3;
    %store/vec4 v0x7f8dd2e156c0_0, 0, 3;
T_1.11 ;
T_1.10 ;
    %jmp T_1.8;
T_1.1 ;
    %pushi/vec4 2, 0, 3;
    %store/vec4 v0x7f8dd2e156c0_0, 0, 3;
    %jmp T_1.8;
T_1.2 ;
    %pushi/vec4 3, 0, 3;
    %store/vec4 v0x7f8dd2e156c0_0, 0, 3;
    %jmp T_1.8;
T_1.3 ;
    %pushi/vec4 0, 0, 3;
    %store/vec4 v0x7f8dd2e156c0_0, 0, 3;
    %jmp T_1.8;
T_1.4 ;
    %pushi/vec4 5, 0, 3;
    %store/vec4 v0x7f8dd2e156c0_0, 0, 3;
    %jmp T_1.8;
T_1.5 ;
    %pushi/vec4 7, 0, 3;
    %store/vec4 v0x7f8dd2e156c0_0, 0, 3;
    %jmp T_1.8;
T_1.6 ;
    %pushi/vec4 0, 0, 3;
    %store/vec4 v0x7f8dd2e156c0_0, 0, 3;
    %jmp T_1.8;
T_1.8 ;
    %pop/vec4 1;
    %jmp T_1;
    .thread T_1, $push;
    .scope S_0x7f8dd2e04220;
T_2 ;
    %pushi/vec4 0, 0, 1;
    %store/vec4 v0x7f8dd2e16b20_0, 0, 1;
    %pushi/vec4 1, 0, 1;
    %store/vec4 v0x7f8dd2e16c50_0, 0, 1;
    %pushi/vec4 0, 0, 1;
    %store/vec4 v0x7f8dd2e16620_0, 0, 1;
    %pushi/vec4 0, 0, 1;
    %store/vec4 v0x7f8dd2e16860_0, 0, 1;
    %delay 1, 0;
    %pushi/vec4 0, 0, 1;
    %store/vec4 v0x7f8dd2e16c50_0, 0, 1;
    %delay 1, 0;
    %pushi/vec4 1, 0, 1;
    %store/vec4 v0x7f8dd2e16860_0, 0, 1;
    %delay 8, 0;
    %pushi/vec4 1, 0, 1;
    %store/vec4 v0x7f8dd2e16620_0, 0, 1;
    %delay 16, 0;
    %vpi_call 2 19 "$finish" {0 0 0};
    %end;
    .thread T_2;
    .scope S_0x7f8dd2e04220;
T_3 ;
    %vpi_call 2 23 "$monitor", "%d ns:\011L=%b \011R=%b \011 LEFT=%b%b%b\011 RIGHT=%b%b%b\011 y=%b", $time, v0x7f8dd2e16620_0, v0x7f8dd2e16860_0, v0x7f8dd2e167d0_0, v0x7f8dd2e16740_0, v0x7f8dd2e166b0_0, v0x7f8dd2e16930_0, v0x7f8dd2e169c0_0, v0x7f8dd2e16a70_0, v0x7f8dd2e16ce0_0 {0 0 0};
    %end;
    .thread T_3;
    .scope S_0x7f8dd2e04220;
T_4 ;
    %delay 1, 0;
    %load/vec4 v0x7f8dd2e16b20_0;
    %nor/r;
    %store/vec4 v0x7f8dd2e16b20_0, 0, 1;
    %jmp T_4;
    .thread T_4;
    .scope S_0x7f8dd2e04220;
T_5 ;
    %vpi_call 2 29 "$dumpfile", "Thunderbird.vcd" {0 0 0};
    %vpi_call 2 30 "$dumpvars" {0 0 0};
    %end;
    .thread T_5;
# The file index is used to find the file name in the following table.
:file_names 4;
    "N/A";
    "<interactive>";
    "Thunderbird_tb.v";
    "Thunderbird.v";
