#! /usr/local/Cellar/icarus-verilog/10.3/bin/vvp
:ivl_version "10.3 (stable)" "(v10_3)";
:ivl_delay_selection "TYPICAL";
:vpi_time_precision - 9;
:vpi_module "system";
:vpi_module "vhdl_sys";
:vpi_module "v2005_math";
:vpi_module "va_math";
S_0x7f886be04220 .scope module, "JKFF_tb" "JKFF_tb" 2 2;
 .timescale -9 -9;
v0x7f886be16940_0 .var "clk", 0 0;
v0x7f886be169d0_0 .var "clrn", 0 0;
v0x7f886be16a60_0 .var "j", 0 0;
v0x7f886be16b30_0 .var "k", 0 0;
v0x7f886be16c00_0 .var "prn", 0 0;
v0x7f886be16cd0_0 .net "q", 0 0, L_0x7f886be17a10;  1 drivers
v0x7f886be16d60_0 .net "qn", 0 0, L_0x7f886be17d80;  1 drivers
S_0x7f886be04390 .scope module, "jkflipflop" "JKFF" 2 5, 3 2 0, S_0x7f886be04220;
 .timescale 0 0;
    .port_info 0 /INPUT 1 "prn"
    .port_info 1 /INPUT 1 "j"
    .port_info 2 /INPUT 1 "k"
    .port_info 3 /INPUT 1 "clk"
    .port_info 4 /INPUT 1 "clrn"
    .port_info 5 /OUTPUT 1 "q"
    .port_info 6 /OUTPUT 1 "qn"
L_0x7f886be17770 .functor NOT 1, v0x7f886be16940_0, C4<0>, C4<0>, C4<0>;
v0x7f886be16200_0 .net "clk", 0 0, v0x7f886be16940_0;  1 drivers
v0x7f886be162c0_0 .net "clrn", 0 0, v0x7f886be169d0_0;  1 drivers
v0x7f886be16350_0 .net "j", 0 0, v0x7f886be16a60_0;  1 drivers
v0x7f886be16400_0 .net "k", 0 0, v0x7f886be16b30_0;  1 drivers
v0x7f886be164b0_0 .net "o1", 0 0, L_0x7f886be171b0;  1 drivers
v0x7f886be165c0_0 .net "o2", 0 0, L_0x7f886be17680;  1 drivers
v0x7f886be16690_0 .net "prn", 0 0, v0x7f886be16c00_0;  1 drivers
v0x7f886be16760_0 .net "q", 0 0, L_0x7f886be17a10;  alias, 1 drivers
v0x7f886be167f0_0 .net "qn", 0 0, L_0x7f886be17d80;  alias, 1 drivers
S_0x7f886be04630 .scope module, "dl" "DLatch" 3 11, 4 1 0, S_0x7f886be04390;
 .timescale 0 0;
    .port_info 0 /INPUT 1 "o1"
    .port_info 1 /INPUT 1 "clrn"
    .port_info 2 /INPUT 1 "clk"
    .port_info 3 /INPUT 1 "o2"
    .port_info 4 /INPUT 1 "prn"
    .port_info 5 /OUTPUT 1 "q"
    .port_info 6 /OUTPUT 1 "qn"
L_0x7f886be177e0 .functor AND 1, L_0x7f886be171b0, v0x7f886be169d0_0, C4<1>, C4<1>;
L_0x7f886be17850 .functor AND 1, L_0x7f886be177e0, v0x7f886be16940_0, C4<1>, C4<1>;
L_0x7f886be17980 .functor AND 1, L_0x7f886be17850, v0x7f886be16c00_0, C4<1>, C4<1>;
L_0x7f886be17a10 .functor AND 1, L_0x7f886be17980, L_0x7f886be17d80, C4<1>, C4<1>;
L_0x7f886be17ae0 .functor AND 1, L_0x7f886be17680, v0x7f886be16c00_0, C4<1>, C4<1>;
L_0x7f886be17ba0 .functor AND 1, L_0x7f886be17ae0, v0x7f886be16940_0, C4<1>, C4<1>;
L_0x7f886be17c70 .functor AND 1, L_0x7f886be17ba0, L_0x7f886be17a10, C4<1>, C4<1>;
L_0x7f886be17d80 .functor AND 1, L_0x7f886be17c70, v0x7f886be169d0_0, C4<1>, C4<1>;
v0x7f886be048d0_0 .net *"_s0", 0 0, L_0x7f886be177e0;  1 drivers
v0x7f886be14990_0 .net *"_s10", 0 0, L_0x7f886be17ba0;  1 drivers
v0x7f886be14a30_0 .net *"_s12", 0 0, L_0x7f886be17c70;  1 drivers
v0x7f886be14ae0_0 .net *"_s2", 0 0, L_0x7f886be17850;  1 drivers
v0x7f886be14b90_0 .net *"_s4", 0 0, L_0x7f886be17980;  1 drivers
v0x7f886be14c80_0 .net *"_s8", 0 0, L_0x7f886be17ae0;  1 drivers
v0x7f886be14d30_0 .net "clk", 0 0, v0x7f886be16940_0;  alias, 1 drivers
v0x7f886be14dd0_0 .net "clrn", 0 0, v0x7f886be169d0_0;  alias, 1 drivers
v0x7f886be14e70_0 .net "o1", 0 0, L_0x7f886be171b0;  alias, 1 drivers
v0x7f886be14f80_0 .net "o2", 0 0, L_0x7f886be17680;  alias, 1 drivers
v0x7f886be15010_0 .net "prn", 0 0, v0x7f886be16c00_0;  alias, 1 drivers
v0x7f886be150b0_0 .net "q", 0 0, L_0x7f886be17a10;  alias, 1 drivers
v0x7f886be15150_0 .net "qn", 0 0, L_0x7f886be17d80;  alias, 1 drivers
S_0x7f886be15260 .scope module, "jkl" "JKLatch" 3 10, 3 14 0, S_0x7f886be04390;
 .timescale 0 0;
    .port_info 0 /INPUT 1 "prn"
    .port_info 1 /INPUT 1 "j"
    .port_info 2 /INPUT 1 "k"
    .port_info 3 /INPUT 1 "clkn"
    .port_info 4 /INPUT 1 "clrn"
    .port_info 5 /INPUT 1 "q"
    .port_info 6 /INPUT 1 "qn"
    .port_info 7 /OUTPUT 1 "o1"
    .port_info 8 /OUTPUT 1 "o2"
L_0x7f886be16df0 .functor AND 1, L_0x7f886be17d80, v0x7f886be16a60_0, C4<1>, C4<1>;
L_0x7f886be16ee0 .functor AND 1, L_0x7f886be16df0, L_0x7f886be17770, C4<1>, C4<1>;
L_0x7f886be16f50 .functor AND 1, L_0x7f886be16ee0, v0x7f886be169d0_0, C4<1>, C4<1>;
L_0x7f886be17080 .functor AND 1, L_0x7f886be16f50, v0x7f886be16c00_0, C4<1>, C4<1>;
L_0x7f886be171b0 .functor AND 1, L_0x7f886be17080, L_0x7f886be17680, C4<1>, C4<1>;
L_0x7f886be17250 .functor AND 1, L_0x7f886be171b0, v0x7f886be169d0_0, C4<1>, C4<1>;
L_0x7f886be17340 .functor AND 1, v0x7f886be16c00_0, L_0x7f886be17770, C4<1>, C4<1>;
L_0x7f886be17430 .functor AND 1, L_0x7f886be17340, v0x7f886be16b30_0, C4<1>, C4<1>;
L_0x7f886be17500 .functor AND 1, L_0x7f886be17430, L_0x7f886be17a10, C4<1>, C4<1>;
L_0x7f886be17680 .functor AND 1, L_0x7f886be17250, L_0x7f886be17500, C4<1>, C4<1>;
v0x7f886be15550_0 .net *"_s0", 0 0, L_0x7f886be16df0;  1 drivers
v0x7f886be155e0_0 .net *"_s10", 0 0, L_0x7f886be17250;  1 drivers
v0x7f886be15670_0 .net *"_s12", 0 0, L_0x7f886be17340;  1 drivers
v0x7f886be15730_0 .net *"_s14", 0 0, L_0x7f886be17430;  1 drivers
v0x7f886be157e0_0 .net *"_s16", 0 0, L_0x7f886be17500;  1 drivers
v0x7f886be158d0_0 .net *"_s2", 0 0, L_0x7f886be16ee0;  1 drivers
v0x7f886be15980_0 .net *"_s4", 0 0, L_0x7f886be16f50;  1 drivers
v0x7f886be15a30_0 .net *"_s6", 0 0, L_0x7f886be17080;  1 drivers
v0x7f886be15ae0_0 .net "clkn", 0 0, L_0x7f886be17770;  1 drivers
v0x7f886be15bf0_0 .net "clrn", 0 0, v0x7f886be169d0_0;  alias, 1 drivers
v0x7f886be15ca0_0 .net "j", 0 0, v0x7f886be16a60_0;  alias, 1 drivers
v0x7f886be15d30_0 .net "k", 0 0, v0x7f886be16b30_0;  alias, 1 drivers
v0x7f886be15dc0_0 .net "o1", 0 0, L_0x7f886be171b0;  alias, 1 drivers
v0x7f886be15e50_0 .net "o2", 0 0, L_0x7f886be17680;  alias, 1 drivers
v0x7f886be15ee0_0 .net "prn", 0 0, v0x7f886be16c00_0;  alias, 1 drivers
v0x7f886be15f90_0 .net "q", 0 0, L_0x7f886be17a10;  alias, 1 drivers
v0x7f886be16020_0 .net "qn", 0 0, L_0x7f886be17d80;  alias, 1 drivers
    .scope S_0x7f886be04220;
T_0 ;
    %pushi/vec4 1, 0, 1;
    %store/vec4 v0x7f886be16940_0, 0, 1;
    %pushi/vec4 0, 0, 1;
    %store/vec4 v0x7f886be169d0_0, 0, 1;
    %pushi/vec4 0, 0, 1;
    %store/vec4 v0x7f886be16c00_0, 0, 1;
    %pushi/vec4 1, 0, 1;
    %store/vec4 v0x7f886be16a60_0, 0, 1;
    %pushi/vec4 1, 0, 1;
    %store/vec4 v0x7f886be16b30_0, 0, 1;
    %vpi_call 2 12 "$monitor", "%d ns:\011prn=%b  j=%b  k=%b  clk=%b  clrn=%b  q=%b  qn=%b", $time, v0x7f886be16c00_0, v0x7f886be16a60_0, v0x7f886be16b30_0, v0x7f886be16940_0, v0x7f886be169d0_0, v0x7f886be16cd0_0, v0x7f886be16d60_0 {0 0 0};
    %delay 20, 0;
    %vpi_call 2 14 "$finish" {0 0 0};
    %end;
    .thread T_0;
    .scope S_0x7f886be04220;
T_1 ;
    %delay 1, 0;
    %load/vec4 v0x7f886be16940_0;
    %nor/r;
    %store/vec4 v0x7f886be16940_0, 0, 1;
    %jmp T_1;
    .thread T_1;
    .scope S_0x7f886be04220;
T_2 ;
    %delay 1, 0;
    %pushi/vec4 1, 0, 1;
    %store/vec4 v0x7f886be169d0_0, 0, 1;
    %jmp T_2;
    .thread T_2;
    .scope S_0x7f886be04220;
T_3 ;
    %delay 1, 0;
    %pushi/vec4 1, 0, 1;
    %store/vec4 v0x7f886be16c00_0, 0, 1;
    %jmp T_3;
    .thread T_3;
    .scope S_0x7f886be04220;
T_4 ;
    %delay 2, 0;
    %load/vec4 v0x7f886be16a60_0;
    %nor/r;
    %store/vec4 v0x7f886be16a60_0, 0, 1;
    %jmp T_4;
    .thread T_4;
    .scope S_0x7f886be04220;
T_5 ;
    %delay 4, 0;
    %load/vec4 v0x7f886be16b30_0;
    %nor/r;
    %store/vec4 v0x7f886be16b30_0, 0, 1;
    %jmp T_5;
    .thread T_5;
    .scope S_0x7f886be04220;
T_6 ;
    %vpi_call 2 22 "$dumpfile", "JKFF.vcd" {0 0 0};
    %vpi_call 2 23 "$dumpvars" {0 0 0};
    %end;
    .thread T_6;
# The file index is used to find the file name in the following table.
:file_names 5;
    "N/A";
    "<interactive>";
    "JKFF_tb.v";
    "JKFF.v";
    "./DLatch.v";
