#! /usr/local/Cellar/icarus-verilog/10.3/bin/vvp
:ivl_version "10.3 (stable)" "(v10_3)";
:ivl_delay_selection "TYPICAL";
:vpi_time_precision - 9;
:vpi_module "system";
:vpi_module "vhdl_sys";
:vpi_module "v2005_math";
:vpi_module "va_math";
S_0x7f9083c1b5a0 .scope module, "JKFF_tb" "JKFF_tb" 2 2;
 .timescale -9 -9;
v0x7f9083c32b50_0 .var "clk", 0 0;
v0x7f9083c32c60_0 .var "clrn", 0 0;
v0x7f9083c32cf0_0 .var "j", 0 0;
v0x7f9083c32d80_0 .var "k", 0 0;
v0x7f9083c32e10_0 .var "prn", 0 0;
v0x7f9083c32ea0_0 .net "q", 0 0, L_0x7f9083c33e90;  1 drivers
v0x7f9083c32f30_0 .net "qn", 0 0, L_0x7f9083c324f0;  1 drivers
S_0x7f9083c1ad90 .scope module, "jkflipflop" "JKFF" 2 5, 3 3 0, S_0x7f9083c1b5a0;
 .timescale 0 0;
    .port_info 0 /INPUT 1 "prn"
    .port_info 1 /INPUT 1 "j"
    .port_info 2 /INPUT 1 "k"
    .port_info 3 /INPUT 1 "clk"
    .port_info 4 /INPUT 1 "clrn"
    .port_info 5 /OUTPUT 1 "q"
    .port_info 6 /OUTPUT 1 "qn"
L_0x7f9083c33970 .functor NOT 1, v0x7f9083c32b50_0, C4<0>, C4<0>, C4<0>;
v0x7f9083c325c0_0 .net "clk", 0 0, v0x7f9083c32b50_0;  1 drivers
v0x7f9083c32650_0 .net "clrn", 0 0, v0x7f9083c32c60_0;  1 drivers
v0x7f9083c326e0_0 .net "j", 0 0, v0x7f9083c32cf0_0;  1 drivers
v0x7f9083c32770_0 .net "k", 0 0, v0x7f9083c32d80_0;  1 drivers
v0x7f9083c32800_0 .net "o1", 0 0, L_0x7f9083c33700;  1 drivers
v0x7f9083c32890_0 .net "o2", 0 0, L_0x7f9083c33820;  1 drivers
v0x7f9083c32920_0 .net "prn", 0 0, v0x7f9083c32e10_0;  1 drivers
v0x7f9083c329b0_0 .net "q", 0 0, L_0x7f9083c33e90;  alias, 1 drivers
v0x7f9083c32a40_0 .net "qn", 0 0, L_0x7f9083c324f0;  alias, 1 drivers
S_0x7f9083c1a1c0 .scope module, "dl" "DLatch" 3 12, 4 1 0, S_0x7f9083c1ad90;
 .timescale 0 0;
    .port_info 0 /INPUT 1 "o1"
    .port_info 1 /INPUT 1 "clrn"
    .port_info 2 /INPUT 1 "clk"
    .port_info 3 /INPUT 1 "o2"
    .port_info 4 /INPUT 1 "prn"
    .port_info 5 /OUTPUT 1 "q"
    .port_info 6 /OUTPUT 1 "qn"
v0x7f9083c2f770_0 .net "clk", 0 0, v0x7f9083c32b50_0;  alias, 1 drivers
v0x7f9083c2f840_0 .net "clrn", 0 0, v0x7f9083c32c60_0;  alias, 1 drivers
v0x7f9083c2f910_0 .net "o1", 0 0, L_0x7f9083c33700;  alias, 1 drivers
v0x7f9083c2f9a0_0 .net "o2", 0 0, L_0x7f9083c33820;  alias, 1 drivers
v0x7f9083c2fa30_0 .net "o_nand1", 0 0, L_0x7f9083c33b70;  1 drivers
v0x7f9083c2fb40_0 .net "o_nand2", 0 0, L_0x7f9083c33d20;  1 drivers
v0x7f9083c2fc10_0 .net "prn", 0 0, v0x7f9083c32e10_0;  alias, 1 drivers
v0x7f9083c2fce0_0 .net "q", 0 0, L_0x7f9083c33e90;  alias, 1 drivers
v0x7f9083c2fdb0_0 .net "qn", 0 0, L_0x7f9083c324f0;  alias, 1 drivers
S_0x7f9083c1d8e0 .scope module, "nand1" "nand_3" 4 9, 5 9 0, S_0x7f9083c1a1c0;
 .timescale 0 0;
    .port_info 0 /INPUT 1 "i1"
    .port_info 1 /INPUT 1 "i2"
    .port_info 2 /INPUT 1 "i3"
    .port_info 3 /OUTPUT 1 "o"
L_0x7f9083c339e0 .functor AND 1, L_0x7f9083c33700, v0x7f9083c32c60_0, C4<1>, C4<1>;
L_0x7f9083c33b70 .functor AND 1, L_0x7f9083c339e0, v0x7f9083c32b50_0, C4<1>, C4<1>;
v0x7f9083c0d6e0_0 .net *"_s0", 0 0, L_0x7f9083c339e0;  1 drivers
v0x7f9083c2e290_0 .net "i1", 0 0, L_0x7f9083c33700;  alias, 1 drivers
v0x7f9083c2e330_0 .net "i2", 0 0, v0x7f9083c32c60_0;  alias, 1 drivers
v0x7f9083c2e3e0_0 .net "i3", 0 0, v0x7f9083c32b50_0;  alias, 1 drivers
v0x7f9083c2e480_0 .net "o", 0 0, L_0x7f9083c33b70;  alias, 1 drivers
S_0x7f9083c2e5a0 .scope module, "nand2" "nand_3" 4 10, 5 9 0, S_0x7f9083c1a1c0;
 .timescale 0 0;
    .port_info 0 /INPUT 1 "i1"
    .port_info 1 /INPUT 1 "i2"
    .port_info 2 /INPUT 1 "i3"
    .port_info 3 /OUTPUT 1 "o"
L_0x7f9083c31f90 .functor AND 1, L_0x7f9083c33820, v0x7f9083c32e10_0, C4<1>, C4<1>;
L_0x7f9083c33d20 .functor AND 1, L_0x7f9083c31f90, v0x7f9083c32b50_0, C4<1>, C4<1>;
v0x7f9083c2e7c0_0 .net *"_s0", 0 0, L_0x7f9083c31f90;  1 drivers
v0x7f9083c2e870_0 .net "i1", 0 0, L_0x7f9083c33820;  alias, 1 drivers
v0x7f9083c2e910_0 .net "i2", 0 0, v0x7f9083c32e10_0;  alias, 1 drivers
v0x7f9083c2e9c0_0 .net "i3", 0 0, v0x7f9083c32b50_0;  alias, 1 drivers
v0x7f9083c2ea70_0 .net "o", 0 0, L_0x7f9083c33d20;  alias, 1 drivers
S_0x7f9083c2eb80 .scope module, "nand3" "nand_3" 4 11, 5 9 0, S_0x7f9083c1a1c0;
 .timescale 0 0;
    .port_info 0 /INPUT 1 "i1"
    .port_info 1 /INPUT 1 "i2"
    .port_info 2 /INPUT 1 "i3"
    .port_info 3 /OUTPUT 1 "o"
L_0x7f9083c320a0 .functor AND 1, L_0x7f9083c33b70, v0x7f9083c32e10_0, C4<1>, C4<1>;
L_0x7f9083c33e90 .functor AND 1, L_0x7f9083c320a0, L_0x7f9083c324f0, C4<1>, C4<1>;
v0x7f9083c2edb0_0 .net *"_s0", 0 0, L_0x7f9083c320a0;  1 drivers
v0x7f9083c2ee60_0 .net "i1", 0 0, L_0x7f9083c33b70;  alias, 1 drivers
v0x7f9083c2ef20_0 .net "i2", 0 0, v0x7f9083c32e10_0;  alias, 1 drivers
v0x7f9083c2eff0_0 .net "i3", 0 0, L_0x7f9083c324f0;  alias, 1 drivers
v0x7f9083c2f080_0 .net "o", 0 0, L_0x7f9083c33e90;  alias, 1 drivers
S_0x7f9083c2f170 .scope module, "nand4" "nand_3" 4 12, 5 9 0, S_0x7f9083c1a1c0;
 .timescale 0 0;
    .port_info 0 /INPUT 1 "i1"
    .port_info 1 /INPUT 1 "i2"
    .port_info 2 /INPUT 1 "i3"
    .port_info 3 /OUTPUT 1 "o"
L_0x7f9083c323e0 .functor AND 1, L_0x7f9083c33e90, v0x7f9083c32c60_0, C4<1>, C4<1>;
L_0x7f9083c324f0 .functor AND 1, L_0x7f9083c323e0, L_0x7f9083c33d20, C4<1>, C4<1>;
v0x7f9083c2f380_0 .net *"_s0", 0 0, L_0x7f9083c323e0;  1 drivers
v0x7f9083c2f440_0 .net "i1", 0 0, L_0x7f9083c33e90;  alias, 1 drivers
v0x7f9083c2f500_0 .net "i2", 0 0, v0x7f9083c32c60_0;  alias, 1 drivers
v0x7f9083c2f5d0_0 .net "i3", 0 0, L_0x7f9083c33d20;  alias, 1 drivers
v0x7f9083c2f680_0 .net "o", 0 0, L_0x7f9083c324f0;  alias, 1 drivers
S_0x7f9083c2ff00 .scope module, "jkl" "JKLatch" 3 11, 3 15 0, S_0x7f9083c1ad90;
 .timescale 0 0;
    .port_info 0 /INPUT 1 "prn"
    .port_info 1 /INPUT 1 "j"
    .port_info 2 /INPUT 1 "k"
    .port_info 3 /INPUT 1 "clkn"
    .port_info 4 /INPUT 1 "clrn"
    .port_info 5 /INPUT 1 "q"
    .port_info 6 /INPUT 1 "qn"
    .port_info 7 /OUTPUT 1 "o1"
    .port_info 8 /OUTPUT 1 "o2"
v0x7f9083c31c10_0 .net "clkn", 0 0, L_0x7f9083c33970;  1 drivers
v0x7f9083c31cf0_0 .net "clrn", 0 0, v0x7f9083c32c60_0;  alias, 1 drivers
v0x7f9083c31d80_0 .net "j", 0 0, v0x7f9083c32cf0_0;  alias, 1 drivers
v0x7f9083c31e30_0 .net "k", 0 0, v0x7f9083c32d80_0;  alias, 1 drivers
v0x7f9083c31ec0_0 .net "o1", 0 0, L_0x7f9083c33700;  alias, 1 drivers
v0x7f9083c32010_0 .net "o2", 0 0, L_0x7f9083c33820;  alias, 1 drivers
v0x7f9083c32120_0 .net "o_nand1", 0 0, L_0x7f9083c33140;  1 drivers
v0x7f9083c321b0_0 .net "o_nand2", 0 0, L_0x7f9083c33560;  1 drivers
v0x7f9083c32240_0 .net "prn", 0 0, v0x7f9083c32e10_0;  alias, 1 drivers
v0x7f9083c32350_0 .net "q", 0 0, L_0x7f9083c33e90;  alias, 1 drivers
v0x7f9083c32460_0 .net "qn", 0 0, L_0x7f9083c324f0;  alias, 1 drivers
S_0x7f9083c301e0 .scope module, "nand1" "nand_4" 3 25, 5 1 0, S_0x7f9083c2ff00;
 .timescale 0 0;
    .port_info 0 /INPUT 1 "i1"
    .port_info 1 /INPUT 1 "i2"
    .port_info 2 /INPUT 1 "i3"
    .port_info 3 /INPUT 1 "i4"
    .port_info 4 /OUTPUT 1 "o"
L_0x7f9083c32fc0 .functor AND 1, L_0x7f9083c324f0, v0x7f9083c32cf0_0, C4<1>, C4<1>;
L_0x7f9083c330b0 .functor AND 1, L_0x7f9083c32fc0, L_0x7f9083c33970, C4<1>, C4<1>;
L_0x7f9083c33140 .functor AND 1, L_0x7f9083c330b0, v0x7f9083c32c60_0, C4<1>, C4<1>;
v0x7f9083c30410_0 .net *"_s0", 0 0, L_0x7f9083c32fc0;  1 drivers
v0x7f9083c304a0_0 .net *"_s2", 0 0, L_0x7f9083c330b0;  1 drivers
v0x7f9083c30530_0 .net "i1", 0 0, L_0x7f9083c324f0;  alias, 1 drivers
v0x7f9083c305c0_0 .net "i2", 0 0, v0x7f9083c32cf0_0;  alias, 1 drivers
v0x7f9083c30650_0 .net "i3", 0 0, L_0x7f9083c33970;  alias, 1 drivers
v0x7f9083c30720_0 .net "i4", 0 0, v0x7f9083c32c60_0;  alias, 1 drivers
v0x7f9083c307b0_0 .net "o", 0 0, L_0x7f9083c33140;  alias, 1 drivers
S_0x7f9083c308c0 .scope module, "nand2" "nand_4" 3 26, 5 1 0, S_0x7f9083c2ff00;
 .timescale 0 0;
    .port_info 0 /INPUT 1 "i1"
    .port_info 1 /INPUT 1 "i2"
    .port_info 2 /INPUT 1 "i3"
    .port_info 3 /INPUT 1 "i4"
    .port_info 4 /OUTPUT 1 "o"
L_0x7f9083c31a40 .functor AND 1, v0x7f9083c32e10_0, L_0x7f9083c33970, C4<1>, C4<1>;
L_0x7f9083c33430 .functor AND 1, L_0x7f9083c31a40, v0x7f9083c32d80_0, C4<1>, C4<1>;
L_0x7f9083c33560 .functor AND 1, L_0x7f9083c33430, L_0x7f9083c33e90, C4<1>, C4<1>;
v0x7f9083c30af0_0 .net *"_s0", 0 0, L_0x7f9083c31a40;  1 drivers
v0x7f9083c30b90_0 .net *"_s2", 0 0, L_0x7f9083c33430;  1 drivers
v0x7f9083c30c40_0 .net "i1", 0 0, v0x7f9083c32e10_0;  alias, 1 drivers
v0x7f9083c30cf0_0 .net "i2", 0 0, L_0x7f9083c33970;  alias, 1 drivers
v0x7f9083c30da0_0 .net "i3", 0 0, v0x7f9083c32d80_0;  alias, 1 drivers
v0x7f9083c30e70_0 .net "i4", 0 0, L_0x7f9083c33e90;  alias, 1 drivers
v0x7f9083c30f00_0 .net "o", 0 0, L_0x7f9083c33560;  alias, 1 drivers
S_0x7f9083c31010 .scope module, "nand3" "nand_3" 3 27, 5 9 0, S_0x7f9083c2ff00;
 .timescale 0 0;
    .port_info 0 /INPUT 1 "i1"
    .port_info 1 /INPUT 1 "i2"
    .port_info 2 /INPUT 1 "i3"
    .port_info 3 /OUTPUT 1 "o"
L_0x7f9083c335d0 .functor AND 1, L_0x7f9083c33140, v0x7f9083c32e10_0, C4<1>, C4<1>;
L_0x7f9083c33700 .functor AND 1, L_0x7f9083c335d0, L_0x7f9083c33820, C4<1>, C4<1>;
v0x7f9083c31220_0 .net *"_s0", 0 0, L_0x7f9083c335d0;  1 drivers
v0x7f9083c312c0_0 .net "i1", 0 0, L_0x7f9083c33140;  alias, 1 drivers
v0x7f9083c31380_0 .net "i2", 0 0, v0x7f9083c32e10_0;  alias, 1 drivers
v0x7f9083c314b0_0 .net "i3", 0 0, L_0x7f9083c33820;  alias, 1 drivers
v0x7f9083c31540_0 .net "o", 0 0, L_0x7f9083c33700;  alias, 1 drivers
S_0x7f9083c31650 .scope module, "nand4" "nand_3" 3 28, 5 9 0, S_0x7f9083c2ff00;
 .timescale 0 0;
    .port_info 0 /INPUT 1 "i1"
    .port_info 1 /INPUT 1 "i2"
    .port_info 2 /INPUT 1 "i3"
    .port_info 3 /OUTPUT 1 "o"
L_0x7f9083c33790 .functor AND 1, L_0x7f9083c33700, v0x7f9083c32c60_0, C4<1>, C4<1>;
L_0x7f9083c33820 .functor AND 1, L_0x7f9083c33790, L_0x7f9083c33560, C4<1>, C4<1>;
v0x7f9083c31860_0 .net *"_s0", 0 0, L_0x7f9083c33790;  1 drivers
v0x7f9083c318f0_0 .net "i1", 0 0, L_0x7f9083c33700;  alias, 1 drivers
v0x7f9083c31990_0 .net "i2", 0 0, v0x7f9083c32c60_0;  alias, 1 drivers
v0x7f9083c31ac0_0 .net "i3", 0 0, L_0x7f9083c33560;  alias, 1 drivers
v0x7f9083c31b70_0 .net "o", 0 0, L_0x7f9083c33820;  alias, 1 drivers
    .scope S_0x7f9083c1b5a0;
T_0 ;
    %pushi/vec4 1, 0, 1;
    %store/vec4 v0x7f9083c32b50_0, 0, 1;
    %pushi/vec4 0, 0, 1;
    %store/vec4 v0x7f9083c32c60_0, 0, 1;
    %pushi/vec4 0, 0, 1;
    %store/vec4 v0x7f9083c32e10_0, 0, 1;
    %pushi/vec4 1, 0, 1;
    %store/vec4 v0x7f9083c32cf0_0, 0, 1;
    %pushi/vec4 1, 0, 1;
    %store/vec4 v0x7f9083c32d80_0, 0, 1;
    %vpi_call 2 12 "$monitor", "%d ns:\011prn=%b  j=%b  k=%b  clk=%b  clrn=%b  q=%b  qn=%b", $time, v0x7f9083c32e10_0, v0x7f9083c32cf0_0, v0x7f9083c32d80_0, v0x7f9083c32b50_0, v0x7f9083c32c60_0, v0x7f9083c32ea0_0, v0x7f9083c32f30_0 {0 0 0};
    %delay 20, 0;
    %vpi_call 2 14 "$finish" {0 0 0};
    %end;
    .thread T_0;
    .scope S_0x7f9083c1b5a0;
T_1 ;
    %delay 1, 0;
    %load/vec4 v0x7f9083c32b50_0;
    %nor/r;
    %store/vec4 v0x7f9083c32b50_0, 0, 1;
    %jmp T_1;
    .thread T_1;
    .scope S_0x7f9083c1b5a0;
T_2 ;
    %delay 1, 0;
    %pushi/vec4 1, 0, 1;
    %store/vec4 v0x7f9083c32c60_0, 0, 1;
    %jmp T_2;
    .thread T_2;
    .scope S_0x7f9083c1b5a0;
T_3 ;
    %delay 1, 0;
    %pushi/vec4 1, 0, 1;
    %store/vec4 v0x7f9083c32e10_0, 0, 1;
    %jmp T_3;
    .thread T_3;
    .scope S_0x7f9083c1b5a0;
T_4 ;
    %delay 2, 0;
    %load/vec4 v0x7f9083c32cf0_0;
    %nor/r;
    %store/vec4 v0x7f9083c32cf0_0, 0, 1;
    %jmp T_4;
    .thread T_4;
    .scope S_0x7f9083c1b5a0;
T_5 ;
    %delay 4, 0;
    %load/vec4 v0x7f9083c32d80_0;
    %nor/r;
    %store/vec4 v0x7f9083c32d80_0, 0, 1;
    %jmp T_5;
    .thread T_5;
    .scope S_0x7f9083c1b5a0;
T_6 ;
    %vpi_call 2 22 "$dumpfile", "JKFF.vcd" {0 0 0};
    %vpi_call 2 23 "$dumpvars" {0 0 0};
    %end;
    .thread T_6;
# The file index is used to find the file name in the following table.
:file_names 6;
    "N/A";
    "<interactive>";
    "JKFF_tb.v";
    "JKFF.v";
    "./DLatch.v";
    "./nand.v";
