#! /usr/local/Cellar/icarus-verilog/10.3/bin/vvp
:ivl_version "10.3 (stable)" "(v10_3)";
:ivl_delay_selection "TYPICAL";
:vpi_time_precision + 0;
:vpi_module "system";
:vpi_module "vhdl_sys";
:vpi_module "v2005_math";
:vpi_module "va_math";
S_0x7fdf22d07860 .scope module, "FSMBehavioral_tb" "FSMBehavioral_tb" 2 1;
 .timescale 0 0;
v0x7fdf22d23f50_0 .var "clk", 0 0;
v0x7fdf22d23fe0_0 .var "nreset", 0 0;
v0x7fdf22d24070_0 .var "x1", 0 0;
v0x7fdf22d24140_0 .net "y", 1 0, v0x7fdf22d23d20_0;  1 drivers
v0x7fdf22d241f0_0 .net "z", 0 0, L_0x7fdf22d24530;  1 drivers
S_0x7fdf22d04490 .scope module, "fsm" "FSMBehavioral" 2 7, 3 1 0, S_0x7fdf22d07860;
 .timescale 0 0;
    .port_info 0 /INPUT 1 "nreset"
    .port_info 1 /INPUT 1 "clk"
    .port_info 2 /INPUT 1 "x1"
    .port_info 3 /OUTPUT 2 "y"
    .port_info 4 /OUTPUT 1 "z"
P_0x7fdf22d045f0 .param/l "a" 0 3 7, C4<00>;
P_0x7fdf22d04630 .param/l "b" 0 3 7, C4<01>;
P_0x7fdf22d04670 .param/l "c" 0 3 7, C4<11>;
P_0x7fdf22d046b0 .param/l "d" 0 3 7, C4<10>;
L_0x7fdf22d24460 .functor NOT 1, L_0x7fdf22d243c0, C4<0>, C4<0>, C4<0>;
L_0x7fdf22d24530 .functor AND 1, L_0x7fdf22d242c0, L_0x7fdf22d24460, C4<1>, C4<1>;
v0x7fdf22d05610_0 .net *"_s1", 0 0, L_0x7fdf22d242c0;  1 drivers
v0x7fdf22d238e0_0 .net *"_s3", 0 0, L_0x7fdf22d243c0;  1 drivers
v0x7fdf22d23990_0 .net *"_s4", 0 0, L_0x7fdf22d24460;  1 drivers
v0x7fdf22d23a50_0 .net "clk", 0 0, v0x7fdf22d23f50_0;  1 drivers
v0x7fdf22d23af0_0 .var "next_state", 1 0;
v0x7fdf22d23be0_0 .net "nreset", 0 0, v0x7fdf22d23fe0_0;  1 drivers
v0x7fdf22d23c80_0 .net "x1", 0 0, v0x7fdf22d24070_0;  1 drivers
v0x7fdf22d23d20_0 .var "y", 1 0;
v0x7fdf22d23dd0_0 .net "z", 0 0, L_0x7fdf22d24530;  alias, 1 drivers
E_0x7fdf22d11180 .event edge, v0x7fdf22d23c80_0, v0x7fdf22d23d20_0;
E_0x7fdf22d118a0 .event posedge, v0x7fdf22d23a50_0;
L_0x7fdf22d242c0 .part v0x7fdf22d23d20_0, 1, 1;
L_0x7fdf22d243c0 .part v0x7fdf22d23d20_0, 0, 1;
    .scope S_0x7fdf22d04490;
T_0 ;
    %wait E_0x7fdf22d118a0;
    %load/vec4 v0x7fdf22d23be0_0;
    %inv;
    %flag_set/vec4 8;
    %jmp/0xz  T_0.0, 8;
    %pushi/vec4 0, 0, 2;
    %store/vec4 v0x7fdf22d23d20_0, 0, 2;
    %jmp T_0.1;
T_0.0 ;
    %load/vec4 v0x7fdf22d23af0_0;
    %store/vec4 v0x7fdf22d23d20_0, 0, 2;
T_0.1 ;
    %jmp T_0;
    .thread T_0;
    .scope S_0x7fdf22d04490;
T_1 ;
    %wait E_0x7fdf22d11180;
    %load/vec4 v0x7fdf22d23d20_0;
    %dup/vec4;
    %pushi/vec4 0, 0, 2;
    %cmp/u;
    %jmp/1 T_1.0, 6;
    %dup/vec4;
    %pushi/vec4 1, 0, 2;
    %cmp/u;
    %jmp/1 T_1.1, 6;
    %dup/vec4;
    %pushi/vec4 3, 0, 2;
    %cmp/u;
    %jmp/1 T_1.2, 6;
    %dup/vec4;
    %pushi/vec4 2, 0, 2;
    %cmp/u;
    %jmp/1 T_1.3, 6;
    %jmp T_1.4;
T_1.0 ;
    %load/vec4 v0x7fdf22d23c80_0;
    %pad/u 32;
    %cmpi/e 1, 0, 32;
    %jmp/0xz  T_1.5, 4;
    %pushi/vec4 1, 0, 2;
    %store/vec4 v0x7fdf22d23af0_0, 0, 2;
    %jmp T_1.6;
T_1.5 ;
    %pushi/vec4 0, 0, 2;
    %store/vec4 v0x7fdf22d23af0_0, 0, 2;
T_1.6 ;
    %jmp T_1.4;
T_1.1 ;
    %load/vec4 v0x7fdf22d23c80_0;
    %pad/u 32;
    %cmpi/e 0, 0, 32;
    %jmp/0xz  T_1.7, 4;
    %pushi/vec4 3, 0, 2;
    %store/vec4 v0x7fdf22d23af0_0, 0, 2;
T_1.7 ;
    %jmp T_1.4;
T_1.2 ;
    %load/vec4 v0x7fdf22d23c80_0;
    %pad/u 32;
    %cmpi/e 1, 0, 32;
    %jmp/0xz  T_1.9, 4;
    %pushi/vec4 1, 0, 2;
    %store/vec4 v0x7fdf22d23af0_0, 0, 2;
    %jmp T_1.10;
T_1.9 ;
    %pushi/vec4 2, 0, 2;
    %store/vec4 v0x7fdf22d23af0_0, 0, 2;
T_1.10 ;
    %jmp T_1.4;
T_1.3 ;
    %load/vec4 v0x7fdf22d23c80_0;
    %pad/u 32;
    %cmpi/e 1, 0, 32;
    %jmp/0xz  T_1.11, 4;
    %pushi/vec4 1, 0, 2;
    %store/vec4 v0x7fdf22d23af0_0, 0, 2;
    %jmp T_1.12;
T_1.11 ;
    %pushi/vec4 0, 0, 2;
    %store/vec4 v0x7fdf22d23af0_0, 0, 2;
T_1.12 ;
    %jmp T_1.4;
T_1.4 ;
    %pop/vec4 1;
    %jmp T_1;
    .thread T_1, $push;
    .scope S_0x7fdf22d07860;
T_2 ;
    %pushi/vec4 1, 0, 1;
    %store/vec4 v0x7fdf22d23f50_0, 0, 1;
    %pushi/vec4 0, 0, 1;
    %store/vec4 v0x7fdf22d23fe0_0, 0, 1;
    %pushi/vec4 0, 0, 1;
    %store/vec4 v0x7fdf22d24070_0, 0, 1;
    %delay 1, 0;
    %pushi/vec4 1, 0, 1;
    %store/vec4 v0x7fdf22d23fe0_0, 0, 1;
    %wait E_0x7fdf22d118a0;
    %pushi/vec4 1, 0, 1;
    %store/vec4 v0x7fdf22d24070_0, 0, 1;
    %wait E_0x7fdf22d118a0;
    %pushi/vec4 0, 0, 1;
    %store/vec4 v0x7fdf22d24070_0, 0, 1;
    %wait E_0x7fdf22d118a0;
    %pushi/vec4 0, 0, 1;
    %store/vec4 v0x7fdf22d24070_0, 0, 1;
    %wait E_0x7fdf22d118a0;
    %pushi/vec4 1, 0, 1;
    %store/vec4 v0x7fdf22d24070_0, 0, 1;
    %wait E_0x7fdf22d118a0;
    %pushi/vec4 0, 0, 1;
    %store/vec4 v0x7fdf22d24070_0, 0, 1;
    %wait E_0x7fdf22d118a0;
    %pushi/vec4 1, 0, 1;
    %store/vec4 v0x7fdf22d24070_0, 0, 1;
    %wait E_0x7fdf22d118a0;
    %pushi/vec4 0, 0, 1;
    %store/vec4 v0x7fdf22d24070_0, 0, 1;
    %wait E_0x7fdf22d118a0;
    %pushi/vec4 0, 0, 1;
    %store/vec4 v0x7fdf22d24070_0, 0, 1;
    %wait E_0x7fdf22d118a0;
    %pushi/vec4 1, 0, 1;
    %store/vec4 v0x7fdf22d24070_0, 0, 1;
    %wait E_0x7fdf22d118a0;
    %pushi/vec4 1, 0, 1;
    %store/vec4 v0x7fdf22d24070_0, 0, 1;
    %wait E_0x7fdf22d118a0;
    %pushi/vec4 0, 0, 1;
    %store/vec4 v0x7fdf22d24070_0, 0, 1;
    %wait E_0x7fdf22d118a0;
    %pushi/vec4 0, 0, 1;
    %store/vec4 v0x7fdf22d24070_0, 0, 1;
    %wait E_0x7fdf22d118a0;
    %pushi/vec4 1, 0, 1;
    %store/vec4 v0x7fdf22d24070_0, 0, 1;
    %wait E_0x7fdf22d118a0;
    %pushi/vec4 1, 0, 1;
    %store/vec4 v0x7fdf22d24070_0, 0, 1;
    %wait E_0x7fdf22d118a0;
    %pushi/vec4 0, 0, 1;
    %store/vec4 v0x7fdf22d24070_0, 0, 1;
    %wait E_0x7fdf22d118a0;
    %pushi/vec4 0, 0, 1;
    %store/vec4 v0x7fdf22d24070_0, 0, 1;
    %wait E_0x7fdf22d118a0;
    %pushi/vec4 1, 0, 1;
    %store/vec4 v0x7fdf22d24070_0, 0, 1;
    %wait E_0x7fdf22d118a0;
    %pushi/vec4 1, 0, 1;
    %store/vec4 v0x7fdf22d24070_0, 0, 1;
    %wait E_0x7fdf22d118a0;
    %pushi/vec4 0, 0, 1;
    %store/vec4 v0x7fdf22d24070_0, 0, 1;
    %wait E_0x7fdf22d118a0;
    %pushi/vec4 0, 0, 1;
    %store/vec4 v0x7fdf22d24070_0, 0, 1;
    %delay 14, 0;
    %vpi_call 2 34 "$finish" {0 0 0};
    %end;
    .thread T_2;
    .scope S_0x7fdf22d07860;
T_3 ;
    %vpi_call 2 38 "$monitor", "%d ns:\011clk=\011nreset= \011 x=%b\011 y=%b\011 z=%b", $time, v0x7fdf22d24070_0, v0x7fdf22d24140_0, v0x7fdf22d241f0_0 {0 0 0};
    %end;
    .thread T_3;
    .scope S_0x7fdf22d07860;
T_4 ;
    %delay 1, 0;
    %load/vec4 v0x7fdf22d23f50_0;
    %nor/r;
    %store/vec4 v0x7fdf22d23f50_0, 0, 1;
    %jmp T_4;
    .thread T_4;
    .scope S_0x7fdf22d07860;
T_5 ;
    %vpi_call 2 44 "$dumpfile", "FSMBehavioral.vcd" {0 0 0};
    %vpi_call 2 45 "$dumpvars" {0 0 0};
    %end;
    .thread T_5;
# The file index is used to find the file name in the following table.
:file_names 4;
    "N/A";
    "<interactive>";
    "FSMBehavioral_tb.v";
    "FSMBehavioral.v";
